[    0.000000] Initializing cgroup subsys cpuset
[    0.000000] Initializing cgroup subsys cpu
[    0.000000] Initializing cgroup subsys cpuacct
[    0.000000] Linux version 4.4.0-146-generic (buildd@lcy01-amd64-025) (gcc version 5.4.0 20160609 (Ubuntu 5.4.0-6ubuntu1~16.04.10) ) #172-Ubuntu SMP Wed Apr 3 09:00:08 UTC 2019 (Ubuntu 4.4.0-146.172-generic 4.4.177)
[    0.000000] Command line: BOOT_IMAGE=/boot/vmlinuz-4.4.0-146-generic root=LABEL=cloudimg-rootfs ro console=tty1 console=ttyS0
[    0.000000] KERNEL supported cpus:
[    0.000000]   Intel GenuineIntel
[    0.000000]   AMD AuthenticAMD
[    0.000000]   Centaur CentaurHauls
[    0.000000] x86/fpu: xstate_offset[2]:  576, xstate_sizes[2]:  256
[    0.000000] x86/fpu: Supporting XSAVE feature 0x01: 'x87 floating point registers'
[    0.000000] x86/fpu: Supporting XSAVE feature 0x02: 'SSE registers'
[    0.000000] x86/fpu: Supporting XSAVE feature 0x04: 'AVX registers'
[    0.000000] x86/fpu: Enabled xstate features 0x7, context size is 832 bytes, using 'standard' format.
[    0.000000] e820: BIOS-provided physical RAM map:
[    0.000000] BIOS-e820: [mem 0x0000000000000000-0x000000000009fbff] usable
[    0.000000] BIOS-e820: [mem 0x000000000009fc00-0x000000000009ffff] reserved
[    0.000000] BIOS-e820: [mem 0x00000000000f0000-0x00000000000fffff] reserved
[    0.000000] BIOS-e820: [mem 0x0000000000100000-0x000000003ffeffff] usable
[    0.000000] BIOS-e820: [mem 0x000000003fff0000-0x000000003fffffff] ACPI data
[    0.000000] BIOS-e820: [mem 0x00000000fec00000-0x00000000fec00fff] reserved
[    0.000000] BIOS-e820: [mem 0x00000000fee00000-0x00000000fee00fff] reserved
[    0.000000] BIOS-e820: [mem 0x00000000fffc0000-0x00000000ffffffff] reserved
[    0.000000] NX (Execute Disable) protection: active
[    0.000000] SMBIOS 2.5 present.
[    0.000000] Hypervisor detected: KVM
[    0.000000] e820: last_pfn = 0x3fff0 max_arch_pfn = 0x400000000
[    0.000000] MTRR: Disabled
[    0.000000] x86/PAT: MTRRs disabled, skipping PAT initialization too.
[    0.000000] CPU MTRRs all blank - virtualized system.
[    0.000000] x86/PAT: Configuration [0-7]: WB  WT  UC- UC  WB  WT  UC- UC  
[    0.000000] found SMP MP-table at [mem 0x0009fff0-0x0009ffff] mapped at [ffff88000009fff0]
[    0.000000] Scanning 1 areas for low memory corruption
[    0.000000] RAMDISK: [mem 0x362fa000-0x37174fff]
[    0.000000] ACPI: Early table checksum verification disabled
[    0.000000] ACPI: RSDP 0x00000000000E0000 000024 (v02 VBOX  )
[    0.000000] ACPI: XSDT 0x000000003FFF0030 00003C (v01 VBOX   VBOXXSDT 00000001 ASL  00000061)
[    0.000000] ACPI: FACP 0x000000003FFF00F0 0000F4 (v04 VBOX   VBOXFACP 00000001 ASL  00000061)
[    0.000000] ACPI: DSDT 0x000000003FFF0470 0022EA (v02 VBOX   VBOXBIOS 00000002 INTL 20100528)
[    0.000000] ACPI: FACS 0x000000003FFF0200 000040
[    0.000000] ACPI: FACS 0x000000003FFF0200 000040
[    0.000000] ACPI: APIC 0x000000003FFF0240 00005C (v02 VBOX   VBOXAPIC 00000001 ASL  00000061)
[    0.000000] ACPI: SSDT 0x000000003FFF02A0 0001CC (v01 VBOX   VBOXCPUT 00000002 INTL 20100528)
[    0.000000] No NUMA configuration found
[    0.000000] Faking a node at [mem 0x0000000000000000-0x000000003ffeffff]
[    0.000000] NODE_DATA(0) allocated [mem 0x3ffeb000-0x3ffeffff]
[    0.000000] kvm-clock: Using msrs 4b564d01 and 4b564d00
[    0.000000] kvm-clock: cpu 0, msr 0:3ffe3001, primary cpu clock
[    0.000000] kvm-clock: using sched offset of 4249595975 cycles
[    0.000000] clocksource: kvm-clock: mask: 0xffffffffffffffff max_cycles: 0x1cd42e4dffb, max_idle_ns: 881590591483 ns
[    0.000000] Zone ranges:
[    0.000000]   DMA      [mem 0x0000000000001000-0x0000000000ffffff]
[    0.000000]   DMA32    [mem 0x0000000001000000-0x000000003ffeffff]
[    0.000000]   Normal   empty
[    0.000000]   Device   empty
[    0.000000] Movable zone start for each node
[    0.000000] Early memory node ranges
[    0.000000]   node   0: [mem 0x0000000000001000-0x000000000009efff]
[    0.000000]   node   0: [mem 0x0000000000100000-0x000000003ffeffff]
[    0.000000] Initmem setup node 0 [mem 0x0000000000001000-0x000000003ffeffff]
[    0.000000] ACPI: PM-Timer IO Port: 0x4008
[    0.000000] IOAPIC[0]: apic_id 2, version 32, address 0xfec00000, GSI 0-23
[    0.000000] ACPI: INT_SRC_OVR (bus 0 bus_irq 0 global_irq 2 dfl dfl)
[    0.000000] ACPI: INT_SRC_OVR (bus 0 bus_irq 9 global_irq 9 low level)
[    0.000000] Using ACPI (MADT) for SMP configuration information
[    0.000000] smpboot: Allowing 2 CPUs, 0 hotplug CPUs
[    0.000000] PM: Registered nosave memory: [mem 0x00000000-0x00000fff]
[    0.000000] PM: Registered nosave memory: [mem 0x0009f000-0x0009ffff]
[    0.000000] PM: Registered nosave memory: [mem 0x000a0000-0x000effff]
[    0.000000] PM: Registered nosave memory: [mem 0x000f0000-0x000fffff]
[    0.000000] e820: [mem 0x40000000-0xfebfffff] available for PCI devices
[    0.000000] Booting paravirtualized kernel on KVM
[    0.000000] clocksource: refined-jiffies: mask: 0xffffffff max_cycles: 0xffffffff, max_idle_ns: 7645519600211568 ns
[    0.000000] setup_percpu: NR_CPUS:512 nr_cpumask_bits:512 nr_cpu_ids:2 nr_node_ids:1
[    0.000000] PERCPU: Embedded 34 pages/cpu @ffff88003fc00000 s99480 r8192 d31592 u1048576
[    0.000000] Built 1 zonelists in Node order, mobility grouping on.  Total pages: 257912
[    0.000000] Policy zone: DMA32
[    0.000000] Kernel command line: BOOT_IMAGE=/boot/vmlinuz-4.4.0-146-generic root=LABEL=cloudimg-rootfs ro console=tty1 console=ttyS0
[    0.000000] PID hash table entries: 4096 (order: 3, 32768 bytes)
[    0.000000] Memory: 997732K/1048120K available (8609K kernel code, 1334K rwdata, 4028K rodata, 1484K init, 1284K bss, 50388K reserved, 0K cma-reserved)
[    0.000000] SLUB: HWalign=64, Order=0-3, MinObjects=0, CPUs=2, Nodes=1
[    0.000000] Kernel/User page tables isolation: enabled
[    0.000000] Hierarchical RCU implementation.
[    0.000000] 	Build-time adjustment of leaf fanout to 64.
[    0.000000] 	RCU restricting CPUs from NR_CPUS=512 to nr_cpu_ids=2.
[    0.000000] RCU: Adjusting geometry for rcu_fanout_leaf=64, nr_cpu_ids=2
[    0.000000] NR_IRQS:33024 nr_irqs:440 16
[    0.000000] Console: colour VGA+ 80x25
[    0.000000] console [tty1] enabled
[    0.000000] console [ttyS0] enabled
[    0.000000] tsc: Detected 1600.000 MHz processor
[    0.273548] Calibrating delay loop (skipped) preset value.. 3200.00 BogoMIPS (lpj=6400000)
[    0.277010] pid_max: default: 32768 minimum: 301
[    0.278856] ACPI: Core revision 20150930
[    0.281628] ACPI: 2 ACPI AML tables successfully acquired and loaded
[    0.284443] Security Framework initialized
[    0.286316] Yama: becoming mindful.
[    0.287856] AppArmor: AppArmor initialized
[    0.289930] Dentry cache hash table entries: 131072 (order: 8, 1048576 bytes)
[    0.295149] Inode-cache hash table entries: 65536 (order: 7, 524288 bytes)
[    0.298438] Mount-cache hash table entries: 2048 (order: 2, 16384 bytes)
[    0.302074] Mountpoint-cache hash table entries: 2048 (order: 2, 16384 bytes)
[    0.305303] Initializing cgroup subsys io
[    0.307154] Initializing cgroup subsys memory
[    0.308976] Initializing cgroup subsys devices
[    0.310955] Initializing cgroup subsys freezer
[    0.312938] Initializing cgroup subsys net_cls
[    0.314802] Initializing cgroup subsys perf_event
[    0.316769] Initializing cgroup subsys net_prio
[    0.318584] Initializing cgroup subsys hugetlb
[    0.320415] Initializing cgroup subsys pids
[    0.323285] mce: CPU supports 0 MCE banks
[    0.325055] Last level iTLB entries: 4KB 64, 2MB 8, 4MB 8
[    0.327171] Last level dTLB entries: 4KB 64, 2MB 0, 4MB 0, 1GB 4
[    0.329665] Spectre V2 : Mitigation: Full generic retpoline
[    0.332133] Spectre V2 : Spectre v2 / SpectreRSB mitigation: Filling RSB on context switch
[    0.336179] Speculative Store Bypass: Vulnerable
[    0.341686] Freeing SMP alternatives memory: 36K
[    0.350917] ftrace: allocating 32287 entries in 127 pages
[    0.421510] smpboot: APIC(0) Converting physical 0 to logical package 0
[    0.424317] smpboot: Max logical packages: 1
[    0.426699] x2apic enabled
[    0.428314] Switched APIC routing to physical x2apic.
[    0.431590] ..TIMER: vector=0x30 apic1=0 pin1=2 apic2=-1 pin2=-1
[    0.541038] smpboot: CPU0: Intel(R) Core(TM) i5-5250U CPU @ 1.60GHz (family: 0x6, model: 0x3d, stepping: 0x4)
[    0.545518] Performance Events: unsupported p6 CPU model 61 no PMU driver, software events only.
[    0.561381] KVM setup paravirtual spinlock
[    0.564153] x86: Booting SMP configuration:
[    0.566062] .... node  #0, CPUs:      #1
[    0.568470] kvm-clock: cpu 1, msr 0:3ffe3041, secondary cpu clock
[    0.571659] mce: CPU supports 0 MCE banks
[    0.575022] x86: Booted up 1 node, 2 CPUs
[    0.577722] smpboot: Total of 2 processors activated (6400.00 BogoMIPS)
[    0.581198] devtmpfs: initialized
[    0.584472] evm: security.selinux
[    0.585898] evm: security.SMACK64
[    0.587329] evm: security.SMACK64EXEC
[    0.588933] evm: security.SMACK64TRANSMUTE
[    0.590599] evm: security.SMACK64MMAP
[    0.592203] evm: security.ima
[    0.593498] evm: security.capability
[    0.595323] clocksource: jiffies: mask: 0xffffffff max_cycles: 0xffffffff, max_idle_ns: 7645041785100000 ns
[    0.599785] futex hash table entries: 512 (order: 3, 32768 bytes)
[    0.602665] pinctrl core: initialized pinctrl subsystem
[    0.605217] RTC time: 15:49:06, date: 05/31/19
[    0.607407] NET: Registered protocol family 16
[    0.620745] cpuidle: using governor ladder
[    0.632789] cpuidle: using governor menu
[    0.634861] PCCT header not found.
[    0.636656] ACPI: bus type PCI registered
[    0.638819] acpiphp: ACPI Hot Plug PCI Controller Driver version: 0.5
[    0.642674] PCI: Using configuration type 1 for base access
[    0.656916] ACPI: Added _OSI(Module Device)
[    0.659228] ACPI: Added _OSI(Processor Device)
[    0.661657] ACPI: Added _OSI(3.0 _SCP Extensions)
[    0.664155] ACPI: Added _OSI(Processor Aggregator Device)
[    0.668693] ACPI: Executed 1 blocks of module-level executable AML code
[    0.678345] ACPI: Interpreter enabled
[    0.680696] ACPI: (supports S0 S5)
[    0.684185] ACPI: Using IOAPIC for interrupt routing
[    0.689420] PCI: Using host bridge windows from ACPI; if necessary, use "pci=nocrs" and report a bug
[    0.712444] ACPI: PCI Root Bridge [PCI0] (domain 0000 [bus 00-ff])
[    0.717214] acpi PNP0A03:00: _OSC: OS supports [ASPM ClockPM Segments MSI]
[    0.724435] acpi PNP0A03:00: _OSC: not requesting OS control; OS requires [ExtendedConfig ASPM ClockPM MSI]
[    0.733870] acpi PNP0A03:00: fail to add MMCONFIG information, can't access extended PCI configuration space under this bridge.
[    0.745584] PCI host bridge to bus 0000:00
[    0.749558] pci_bus 0000:00: root bus resource [io  0x0000-0x0cf7 window]
[    0.755798] pci_bus 0000:00: root bus resource [io  0x0d00-0xffff window]
[    0.761183] pci_bus 0000:00: root bus resource [mem 0x000a0000-0x000bffff window]
[    0.769900] pci_bus 0000:00: root bus resource [mem 0x40000000-0xfdffffff window]
[    0.775768] pci_bus 0000:00: root bus resource [bus 00-ff]
[    0.791448] pci 0000:00:01.1: legacy IDE quirk: reg 0x10: [io  0x01f0-0x01f7]
[    0.795731] pci 0000:00:01.1: legacy IDE quirk: reg 0x14: [io  0x03f6]
[    0.798388] pci 0000:00:01.1: legacy IDE quirk: reg 0x18: [io  0x0170-0x0177]
[    0.803089] pci 0000:00:01.1: legacy IDE quirk: reg 0x1c: [io  0x0376]
[    0.836306] pci 0000:00:07.0: quirk: [io  0x4000-0x403f] claimed by PIIX4 ACPI
[    0.839809] pci 0000:00:07.0: quirk: [io  0x4100-0x410f] claimed by PIIX4 SMB
[    0.872552] ACPI: PCI Interrupt Link [LNKA] (IRQs 5 9 10 *11)
[    0.875732] ACPI: PCI Interrupt Link [LNKB] (IRQs 5 9 *10 11)
[    0.878844] ACPI: PCI Interrupt Link [LNKC] (IRQs 5 *9 10 11)
[    0.881782] ACPI: PCI Interrupt Link [LNKD] (IRQs 5 9 10 *11)
[    0.885478] ACPI: Enabled 2 GPEs in block 00 to 07
[    0.887963] vgaarb: setting as boot device: PCI:0000:00:02.0
[    0.890641] vgaarb: device added: PCI:0000:00:02.0,decodes=io+mem,owns=io+mem,locks=none
[    0.894012] vgaarb: loaded
[    0.895210] vgaarb: bridge control possible 0000:00:02.0
[    0.897661] SCSI subsystem initialized
[    0.899521] ACPI: bus type USB registered
[    0.901648] usbcore: registered new interface driver usbfs
[    0.904038] usbcore: registered new interface driver hub
[    0.906222] usbcore: registered new device driver usb
[    0.909206] PCI: Using ACPI for IRQ routing
[    0.911996] NetLabel: Initializing
[    0.913901] NetLabel:  domain hash size = 128
[    0.915921] NetLabel:  protocols = UNLABELED CIPSOv4
[    0.920678] NetLabel:  unlabeled traffic allowed by default
[    0.923787] amd_nb: Cannot enumerate AMD northbridges
[    0.926424] clocksource: Switched to clocksource kvm-clock
[    0.941058] AppArmor: AppArmor Filesystem Enabled
[    0.943249] pnp: PnP ACPI init
[    0.946532] pnp: PnP ACPI: found 3 devices
[    0.961850] clocksource: acpi_pm: mask: 0xffffff max_cycles: 0xffffff, max_idle_ns: 2085701024 ns
[    0.966083] NET: Registered protocol family 2
[    0.969121] TCP established hash table entries: 8192 (order: 4, 65536 bytes)
[    0.972082] TCP bind hash table entries: 8192 (order: 5, 131072 bytes)
[    0.974887] TCP: Hash tables configured (established 8192 bind 8192)
[    0.977320] UDP hash table entries: 512 (order: 2, 16384 bytes)
[    0.980062] UDP-Lite hash table entries: 512 (order: 2, 16384 bytes)
[    0.982734] NET: Registered protocol family 1
[    0.984778] pci 0000:00:00.0: Limiting direct PCI/PCI transfers
[    0.987179] pci 0000:00:01.0: Activating ISA DMA hang workarounds
[    0.989845] Unpacking initramfs...
[    1.263863] Freeing initrd memory: 14828K
[    1.265899] RAPL PMU detected, API unit is 2^-32 Joules, 4 fixed counters 10737418240 ms ovfl timer
[    1.270490] hw unit of domain pp0-core 2^-0 Joules
[    1.272412] hw unit of domain package 2^-0 Joules
[    1.274299] hw unit of domain dram 2^-0 Joules
[    1.276131] hw unit of domain pp1-gpu 2^-0 Joules
[    1.278145] platform rtc_cmos: registered platform RTC device (no PNP device found)
[    1.281605] Scanning for low memory corruption every 60 seconds
[    1.284502] audit: initializing netlink subsys (disabled)
[    1.286758] audit: type=2000 audit(1559317752.535:1): initialized
[    1.289589] Initialise system trusted keyring
[    1.291688] HugeTLB registered 2 MB page size, pre-allocated 0 pages
[    1.295882] zbud: loaded
[    1.297578] VFS: Disk quotas dquot_6.6.0
[    1.299358] VFS: Dquot-cache hash table entries: 512 (order 0, 4096 bytes)
[    1.303338] squashfs: version 4.0 (2009/01/31) Phillip Lougher
[    1.306223] fuse init (API version 7.23)
[    1.308242] Key type big_key registered
[    1.309973] Allocating IMA MOK and blacklist keyrings.
[    1.314177] Key type asymmetric registered
[    1.316181] Asymmetric key parser 'x509' registered
[    1.318176] Block layer SCSI generic (bsg) driver version 0.4 loaded (major 249)
[    1.321568] io scheduler noop registered
[    1.323317] io scheduler deadline registered (default)
[    1.325402] io scheduler cfq registered
[    1.327182] pci_hotplug: PCI Hot Plug PCI Core version: 0.5
[    1.329367] pciehp: PCI Express Hot Plug Controller Driver version: 0.4
[    1.332439] ACPI: AC Adapter [AC] (off-line)
[    1.334838] input: Power Button as /devices/LNXSYSTM:00/LNXPWRBN:00/input/input0
[    1.338310] ACPI: Power Button [PWRF]
[    1.340101] input: Sleep Button as /devices/LNXSYSTM:00/LNXSLPBN:00/input/input1
[    1.344401] ACPI: Sleep Button [SLPF]
[    1.346580] GHES: HEST is not enabled!
[    1.350158] ACPI: Battery Slot [BAT0] (battery present)
[    1.352355] Serial: 8250/16550 driver, 32 ports, IRQ sharing enabled
[    1.376014] 00:02: ttyS0 atI/O 0x3f8 (irq = 4, base_baud= 115200) is a 16550A
[    1.387501] Linux agpgart interface v0.103
[    1.392324] loop: module loaded
[    1.394640] scsi host0: ata_piix
[    1.396325] scsi host1: ata_piix
[    1.397769] ata1: PATA max UDMA/33 cmd 0x1f0 ctl 0x3f6 bmdma 0xd000 irq 14
[    1.401332] ata2: PATA max UDMA/33 cmd 0x170 ctl 0x376 bmdma 0xd008 irq 15
[    1.404542] libphy: Fixed MDIO Bus: probed
[    1.406905] tun: Universal TUN/TAP device driver, 1.6
[    1.409047] tun: (C) 1999-2004 Max Krasnyansky <maxk@qualcomm.com>
[    1.411868] PPP generic driver version 2.4.2
[    1.413996] ehci_hcd: USB 2.0 'Enhanced' Host Controller (EHCI) Driver
[    1.416952] ehci-pci: EHCI PCI platform driver
[    1.418931] ehci-platform: EHCI generic platform driver
[    1.421204] ohci_hcd: USB 1.1 'Open' Host Controller (OHCI) Driver
[    1.423751] ohci-pci: OHCI PCI platform driver
[    1.425564] ohci-platform: OHCI generic platform driver
[    1.427717] uhci_hcd: USB Universal Host Controller Interface driver
[    1.430347] i8042: PNP: PS/2 Controller [PNP0303:PS2K,PNP0f03:PS2M] at 0x60,0x64 irq 1,12
[    1.435042] serio: i8042 KBD port at 0x60,0x64 irq 1
[    1.437386] serio: i8042 AUX port at 0x60,0x64 irq 12
[    1.439866] mousedev: PS/2 mouse device common for all mice
[    1.443511] input: AT Translated Set 2 keyboard as /devices/platform/i8042/serio0/input/input2
[    1.447359] rtc_cmos rtc_cmos: rtc core: registered rtc_cmos as rtc0
[    1.450444] rtc_cmos rtc_cmos: alarms up to one day, 114 bytes nvram
[    1.453291] i2c /dev entries driver
[    1.455313] device-mapper: uevent: version 1.0.3
[    1.457564] device-mapper: ioctl: 4.34.0-ioctl (2015-10-28) initialised: dm-devel@redhat.com
[    1.461403] ledtrig-cpu: registered to indicate activity on CPUs
[    1.464875] NET: Registered protocol family 10
[    1.467815] NET: Registered protocol family 17
[    1.469943] Key type dns_resolver registered
[    1.472619] registered taskstats version 1
[    1.474334] Loading compiled-in X.509 certificates
[    1.477050] Loaded X.509 cert 'Build time autogenerated kernel key: 4dcb2dc2c7cf43e0c20c44384f68683c20294489'
[    1.481172] zswap: loaded using pool lzo/zbud
[    1.485589] Key type trusted registered
[    1.491422] Key type encrypted registered
[    1.493159] AppArmor: AppArmor sha1 policy hashing enabled
[    1.495488] ima: No TPM chip found, activating TPM-bypass!
[    1.497871] ima: Allocated hash algorithm: sha1
[    1.500312] evm: HMAC attrs: 0x1
[    1.502809]   Magic number: 3:702:842
[    1.504669] rtc_cmos rtc_cmos: setting system clock to 2019-05-31 15:49:07 UTC (1559317747)
[    1.508660] BIOS EDD facility v0.16 2004-Jun-25, 0 devices found
[    1.511131] EDD information not available.
[    1.560652] Freeing unused kernel memory: 1484K
[    1.563132] Write protecting the kernel read-only data: 14336k
[    1.566372] Freeing unused kernel memory: 1620K
[    1.568857] Freeing unused kernel memory: 68K
Loading, please wait...
starting version 229
[    1.589704] random: systemd-udevd: uninitialized urandom read (16 bytes read, 3 bits of entropy available)
[    1.590257] random: udevadm: uninitialized urandom read (16 bytes read, 3 bits of entropy available)
[    1.590287] random: udevadm: uninitialized urandom read (16 bytes read, 3 bits of entropy available)
[    1.601325] random: systemd-udevd: uninitialized urandom read (16 bytes read, 3 bits of entropy available)
[    1.603302] random: udevadm: uninitialized urandom read (16 bytes read, 3 bits of entropy available)
[    1.603375] random: udevadm: uninitialized urandom read (16 bytes read, 3 bits of entropy available)
[    1.603596] random: udevadm: uninitialized urandom read (16 bytes read, 3 bits of entropy available)
[    1.603679] random: udevadm: uninitialized urandom read (16 bytes read, 3 bits of entropy available)
[    1.603761] random: udevadm: uninitialized urandom read (16 bytes read, 3 bits of entropy available)
[    1.603847] random: udevadm: uninitialized urandom read (16 bytes read, 3 bits of entropy available)
[    1.661882] e1000: Intel(R) PRO/1000 Network Driver - version 7.3.21-k8-NAPI
[    1.665304] e1000: Copyright (c) 1999-2006 Intel Corporation.
[    1.680450] Fusion MPT base driver 3.04.20
[    1.683984] Copyright (c) 1999-2008 LSI Corporation
[    1.709777] Fusion MPT SPI Host driver 3.04.20
[    1.727619] AVX2 version of gcm_enc/dec engaged.
[    1.730934] AES CTR mode by8 optimization enabled
[    1.956970] input: ImExPS/2 Generic Explorer Mouse as /devices/platform/i8042/serio1/input/input4
[    2.274597] tsc: Refined TSC clocksource calibration: 1600.366 MHz
[    2.277800] clocksource: tsc: mask: 0xffffffffffffffff max_cycles: 0x17117ebe813, max_idle_ns: 440795271928 ns
[    2.768133] e1000 0000:00:03.0 eth0: (PCI:33MHz:32-bit) 02:3a:f4:24:e2:72
[    2.771453] e1000 0000:00:03.0 eth0: Intel(R) PRO/1000 Network Connection
[    3.401598] e1000 0000:00:08.0 eth1: (PCI:33MHz:32-bit) 08:00:27:eb:0e:fc
[    3.405857] e1000 0000:00:08.0 eth1: Intel(R) PRO/1000 Network Connection
[    3.410368] mptbase: ioc0: Initiating bringup
[    3.414152] e1000 0000:00:03.0 enp0s3: renamed from eth0
[    3.427402] e1000 0000:00:08.0 enp0s8: renamed from eth1
[    3.479658] ioc0: LSI53C1030 A0: Capabilities={Initiator}
[    3.652070] scsi host2: ioc0: LSI53C1030 A0, FwRev=00000000h, Ports=1, MaxQ=256, IRQ=20
[    3.767522] scsi 2:0:0:0: Direct-Access     VBOX     HARDDISK         1.0  PQ: 0 ANSI: 5
[    3.772535] scsi target2:0:0: Beginning Domain Validation
[    3.779514] scsi target2:0:0: Domain Validation skipping write tests
[    3.782150] scsi target2:0:0: Ending Domain Validation
[    3.798841] scsi target2:0:0: asynchronous
[    3.803518] scsi 2:0:1:0: Direct-Access     VBOX     HARDDISK         1.0  PQ: 0 ANSI: 5
[    3.807459] scsi target2:0:1: Beginning Domain Validation
[    3.812943] scsi target2:0:1: Domain Validation skipping write tests
[    3.816007] scsi target2:0:1: Ending Domain Validation
[    3.818467] scsi target2:0:1: asynchronous
[    3.832154] sd 2:0:0:0: [sda] 20971520 512-byte logical blocks: (10.7 GB/10.0 GiB)
[    3.832311] sd 2:0:0:0: Attached scsi generic sg0 type 0
[    3.832816] sd 2:0:1:0: Attached scsi generic sg1 type 0
[    3.842144] sd 2:0:1:0: [sdb] 20480 512-byte logical blocks: (10.5 MB/10.0 MiB)
[    3.843305] sd 2:0:0:0: [sda] Write Protect is off
[    3.845636] sd 2:0:0:0: [sda] Incomplete mode parameter data
[    3.845637] sd 2:0:0:0: [sda] Assuming drive cache: write through
[    3.854313] sd 2:0:1:0: [sdb] Write Protect is off
[    3.855718]  sda: sda1
[    3.858744] sd 2:0:1:0: [sdb] Incomplete mode parameter data
[    3.861350] sd 2:0:0:0: [sda] Attached SCSI disk
[    3.864750] sd 2:0:1:0: [sdb] Assuming drive cache: write through
[    3.872264] sd 2:0:1:0: [sdb] Attached SCSI disk
Begin: Loading essential drivers ... [    5.313941] md: linear personality registered for level -1
[    5.320823] md: multipath personality registered for level -4
[    5.326948] md: raid0 personality registered for level 0
[    5.336889] md: raid1 personality registered for level 1
[    5.411451] raid6: sse2x1   gen()  8025 MB/s
[    5.478495] raid6: sse2x1   xor()  4758 MB/s
[    5.546614] raid6: sse2x2   gen()  3583 MB/s
[    5.618787] raid6: sse2x2   xor()  1808 MB/s
[    5.690577] raid6: sse2x4   gen() 10020 MB/s
[    5.758553] raid6: sse2x4   xor()  6970 MB/s
[    5.826504] raid6: avx2x1   gen() 13507 MB/s
[    5.896816] raid6: avx2x2   gen() 17732 MB/s
[    5.966631] raid6: avx2x4   gen() 20252 MB/s
[    5.968686] raid6: using algorithm avx2x4 gen() 20252 MB/s
[    5.972421] raid6: using avx2x2 recovery algorithm
[    5.976066] xor: automatically using best checksumming function:
[    6.018562]    avx       : 19344.000 MB/sec
[    6.022212] async_tx: api initialized (async)
[    6.042467] md: raid6 personality registered for level 6
[    6.044780] md: raid5 personality registered for level 5
[    6.047222] md: raid4 personality registered for level 4
[    6.059312] md: raid10 personality registered for level 10
done.
Begin: Running /scripts/init-premount ... done.
Begin: Mounting root file system ... Begin: Running /scripts/local-top ... done.
Begin: Running /scripts/local-premount ... [    6.107876] Btrfs loaded
Scanning for Btrfs filesystems
done.
Warning: fsck not present, so skipping root file system
[    6.159104] EXT4-fs (sda1): mounted filesystem with ordered data mode. Opts: (null)
done.
Begin: Running /scripts/local-bottom ... done.
Begin: Running /scripts/init-bottom ... done.
[    6.293304] systemd[1]: systemd 229 running in system mode. (+PAM +AUDIT +SELINUX +IMA +APPARMOR +SMACK +SYSVINIT +UTMP +LIBCRYPTSETUP +GCRYPT +GNUTLS +ACL +XZ -LZ4 +SECCOMP +BLKID +ELFUTILS +KMOD -IDN)
[    6.301152] systemd[1]: Detected virtualization oracle.
[    6.303629] systemd[1]: Detected architecture x86-64.

Welcome to [1mUbuntu 16.04.6 LTS[0m!

[    6.309019] systemd[1]: Set hostname to <ubuntu>.
[    6.317974] systemd[1]: Initializing machine ID from random generator.
[    6.320802] systemd[1]: Installed transient /etc/machine-id file.
[    6.514320] systemd[1]: Listening on udev Control Socket.
[[0;32m  OK  [0m] Listening on udev Control Socket.
[    6.521283] systemd[1]: Listening on Journal Socket.
[[0;32m  OK  [0m] Listening on Journal Socket.
[    6.527164] systemd[1]: Listening on LVM2 poll daemon socket.
[[0;32m  OK  [0m] Listening on LVM2 poll daemon socket.
[    6.534899] systemd[1]: Started Forward Password Requests to Wall Directory Watch.
[[0;32m  OK  [0m] Started Forward Password Requests to Wall Directory Watch.
[    6.552189] systemd[1]: Created slice User and Session Slice.
[[0;32m  OK  [0m] Created slice User and Session Slice.
[    6.557072] systemd[1]: Reached target Encrypted Volumes.
[[0;32m  OK  [0m] Reached target Encrypted Volumes.
[    6.562222] systemd[1]: Started Trigger resolvconf update for networkd DNS.
[[0;32m  OK  [0m] Started Trigger resolvconf update for networkd DNS.
[    6.569814] systemd[1]: Listening on Journal Audit Socket.
[[0;32m  OK  [0m] Listening on Journal Audit Socket.
[    6.575621] systemd[1]: Reached target System Time Synchronized.
[[0;32m  OK  [0m] Reached target System Time Synchronized.
[    6.581341] systemd[1]: Reached target Swap.
[[0;32m  OK  [0m] Reached target Swap.
[    6.586944] systemd[1]: Listening on Device-mapper event daemon FIFOs.
[[0;32m  OK  [0m] Listening on Device-mapper event daemon FIFOs.
[    6.592924] systemd[1]: Listening on Journal Socket (/dev/log).
[[0;32m  OK  [0m] Listening on Journal Socket (/dev/log).
[    6.598820] systemd[1]: Set up automount Arbitrary Executable File Formats File System Automount Point.
[[0;32m  OK  [0m] Set up automount Arbitrary Executab...ats File System Automount Point.
[    6.608448] systemd[1]: Reached target User and Group Name Lookups.
[[0;32m  OK  [0m] Reached target User and Group Name Lookups.
[    6.619199] systemd[1]: Listening on /dev/initctl Compatibility Named Pipe.
[[0;32m  OK  [0m] Listening on /dev/initctl Compatibility Named Pipe.
[    6.625723] systemd[1]: Created slice System Slice.
[[0;32m  OK  [0m] Created slice System Slice.
[    6.643322] systemd[1]: Starting Remount Root and Kernel File Systems...
         Starting Remount Root and Kernel File Systems...
[    6.652804] EXT4-fs (sda1): re-mounted. Opts: (null)
[    6.656996] systemd[1]: Starting Load Kernel Modules...
         Starting Load Kernel Modules...
[    6.666077] systemd[1]: Starting Set console keymap...
         Starting Set console keymap...
[    6.677228] systemd[1]: Reached target Slices.
[[0;32m  OK  [0m] Reached target Slices.
[    6.684288] systemd[1]: Starting Nameserver information manager...
         Starting Nameserver information manager...
[    6.695577] systemd[1]: Mounting Debug File System...
         Mountin[    6.702153] Loading iSCSI transport class v2.0-870.
g Debug File System...
[    6.708314] systemd[1]: Created slice system-serial\x2dgetty.slice.
[[0;32m  OK  [0m] Created slice system-serial\x2dgetty.slice.
[    6.728419] iscsi: registered transport (tcp)
[    6.735144] systemd[1]: Starting Create list of required static device nodes for the current kernel...
         Starting Create list of required st... nodes for the current kernel...
[    6.781225] systemd[1]: Listening on LVM2 metadata daemon socket.
[[0;32m  OK  [0m] Listening on LVM2 metadata daemon socket.
[    6.811351] systemd[1]: Starting Monitoring of LVM2 mirrors, snapshots etc. using dmeventd or progress polling...
         Starting Monitoring of LVM2 mirrors... dmeventd or progress polling...
[    6.828440] systemd[1]: Listening on udev Kernel Socket.
[[0;32m  OK  [0m] Listening on udev Kernel Socket.
[    6.864070] systemd[1]: Starting Uncomplicated firewall...
         Starting Uncomplicated firewall...
[    6.880323] systemd[1]: Mounting Huge Pages File System...
[    6.888382] iscsi: registered transport (iser)
         Mounting Huge Pages File System...
[    6.902000] systemd[1]: Listening on Syslog Socket.
[[0;32m  OK  [0m] Listening on Syslog Socket.
[    6.927218] systemd[1]: Starting Journal Service...
         Starting Journal Service...
[    6.940052] systemd[1]: Mounting POSIX Message Queue File System...
         Mounting POSIX Message Queue File System...
[    6.951839] systemd[1]: Mounted POSIX Message Queue File System.
[[0;32m  OK  [0m] Mounted POSIX Message Queue File System.
[    6.958216] random: nonblocking pool is initialized
[    6.961433] systemd[1]: Mounted Debug File System.
[[0;32m  OK  [0m] Mounted Debug File System.
[    6.966965] systemd[1]: Mounted Huge Pages File System.
[[0;32m  OK  [0m] Mounted Huge Pages File System.
[    6.979362] systemd[1]: Started Journal Service.
[[0;32m  OK  [0m] Started Journal Service.
[[0;32m  OK  [0m] Started Remount Root and Kernel File Systems.
[[0;32m  OK  [0m] Started Load Kernel Modules.
[[0;32m  OK  [0m] Started Set console keymap.
[[0;32m  OK  [0m] Started Create list of required sta...ce nodes for the current kernel.
[[0;32m  OK  [0m] Started Uncomplicated firewall.
[[0;32m  OK  [0m] Started Nameserver information manager.
[[0;32m  OK  [0m] Started LVM2 metadata daemon.
         Starting Create Static Device Nodes in /dev...
         Mounting FUSE Control File System...
         Starting Apply Kernel Variables...
         Starting udev Coldplug all Devices...
         Starting Load/Save Random Seed...
         Starting Flush Journal to Persistent Storage...
[[0;32m  OK  [0m] Mounted FUSE Control File System.
[[0;32m  OK  [0m] Started Create Static Device Nodes in /dev.
[[0;32m  OK  [0m] Started Apply Kernel Variables.
[[0;32m  OK  [0m] Started Load/Save Random Seed.
[[0;32m  OK  [0m] Started Flush Journal to Persistent Storage.
[[0;32m  OK  [0m] Started udev Coldplug all Devices.
         Starting udev Kernel Device Manager...
[[0;32m  OK  [0m] Started udev Kernel Device Manager.
[[0;32m  OK  [0m] Started Dispatch Password Requests to Console Directory Watch.
[[0;32m  OK  [0m] Found device /dev/ttyS0.
[[0;32m  OK  [0m] Started Monitoring of LVM2 mirrors,...ng dmeventd or progress polling.
[[0;32m  OK  [0m] Reached target Local File Systems (Pre).
[[0;32m  OK  [0m] Reached target Local File Systems.
         Starting Set console font and keymap...
         Starting LSB: AppArmor initialization...
         Starting Commit a transient machine-id on disk...
         Starting Create Volatile Files and Directories...
         Starting Tell Plymouth To Write Out Runtime Data...
         Starting Initial cloud-init job (pre-networking)...
[[0;32m  OK  [0m] Started Create Volatile Files and Directories.
[[0;32m  OK  [0m] Started Tell Plymouth To Write Out Runtime Data.
[[0;32m  OK  [0m] Started Commit a transient machine-id on disk.
[[0;32m  OK  [0m] Listening on Load/Save RF Kill Switch Status /dev/rfkill Watch.
         Starting Update UTMP about System Boot/Shutdown...
[[0;32m  OK  [0m] Started Update UTMP about System Boot/Shutdown.
[[0;32m  OK  [0m] Started LSB: AppArmor initialization.
[    9.229421] cloud-init[531]: Cloud-init v. 18.5-45-g3554ffe8-0ubuntu1~16.04.1 running 'init-local' at Fri, 31 May 2019 15:49:15 +0000. Up 8.61 seconds.
[[0;32m  OK  [0m] Started Initial cloud-init job (pre-networking).
[[0;32m  OK  [0m] Reached target Network (Pre).
         Starting Raise network interfaces...
[[0;32m  OK  [0m] Started Set console font and keymap.
[[0;32m  OK  [0m] Created slice system-getty.slice.
[[0;32m  OK  [0m] Started Raise network interfaces.
         Starting Initial cloud-init job (metadata service crawler)...
[[0;32m  OK  [0m] Reached target Network.
[   10.916225] cloud-init[945]: Cloud-init v. 18.5-45-g3554ffe8-0ubuntu1~16.04.1 running 'init' at Fri, 31 May 2019 15:49:16 +0000. Up 10.13 seconds.
[   10.922137] cloud-init[945]: ci-info: ++++++++++++++++++++++++++++++++++++++Net device info+++++++++++++++++++++++++++++++++++++++
[   10.928595] cloud-init[945]: ci-info: +--------+-------+----------------------------+---------------+--------+-------------------+
[   10.934501] cloud-init[945]: ci-info: | Device |   Up  |          Address           |      Mask     | Scope  |     Hw-Address    |
[   10.940694] cloud-init[945]: ci-info: +--------+-------+----------------------------+---------------+--------+-------------------+
[   10.946209] cloud-init[945]: ci-info: | enp0s3 |  True |         10.0.2.15          | 255.255.255.0 | global | 02:3a:f4:24:e2:72 |
[   10.957118] cloud-init[945]: ci-info: | enp0s3 |  True | fe80::3a:f4ff:fe24:e272/64 |       .       |  link  | 02:3a:f4:24:e2:72 |
[   10.962765] cloud-init[945]: ci-info: | enp0s8 | False |             .              |       .       |   .    | 08:00:27:eb:0e:fc |
[   10.967874] cloud-init[945]: ci-info: |   lo   |  True |         127.0.0.1          |   255.0.0.0   |  host  |         .         |
[   10.973197] cloud-init[945]: ci-info: |   lo   |  True |          ::1/128           |       .       |  host  |         .         |
[   10.978475] cloud-init[945]: ci-info: +--------+-------+----------------------------+---------------+--------+-------------------+
[   10.983454] cloud-init[945]: ci-info: +++++++++++++++++++++++++++Route IPv4 info++++++++++++++++++++++++++++
[   10.987493] cloud-init[945]: ci-info: +-------+-------------+----------+---------------+-----------+-------+
[   10.992177] cloud-init[945]: ci-info: | Route | Destination | Gateway  |    Genmask    | Interface | Flags |
[   10.996071] cloud-init[945]: ci-info: +-------+-------------+----------+---------------+-----------+-------+
[   11.000357] cloud-init[945]: ci-info: |   0   |   0.0.0.0   | 10.0.2.2 |    0.0.0.0    |   enp0s3  |   UG  |
[   11.004678] cloud-init[945]: ci-info: |   1   |   10.0.2.0  | 0.0.0.0  | 255.255.255.0 |   enp0s3  |   U   |
[   11.009877] cloud-init[945]: ci-info: +-------+-------------+----------+---------------+-----------+-------+
[   11.014156] cloud-init[945]: ci-info: +++++++++++++++++++Route IPv6 info+++++++++++++++++++
[   11.019974] cloud-init[945]: ci-info: +-------+-------------+---------+-----------+-------+
[   11.024096] cloud-init[945]: ci-info: | Route | Destination | Gateway | Interface | Flags |
[   11.028996] cloud-init[945]: ci-info: +-------+-------------+---------+-----------+-------+
[   11.033834] cloud-init[945]: ci-info: |   0   |  fe80::/64  |    ::   |   enp0s3  |   U   |
[   11.037387] cloud-init[945]: ci-info: |   3   |   ff00::/8  |    ::   |   enp0s3  |   U   |
[   11.042418] cloud-init[945]: ci-info: +-------+-------------+---------+-----------+-------+
[   11.046541] cloud-init[945]: Generating public/private rsa key pair.
[   11.050864] cloud-init[945]: Your identification has been saved in /etc/ssh/ssh_host_rsa_key.
[   11.054167] cloud-init[945]: Your public key has been saved in /etc/ssh/ssh_host_rsa_key.pub.
[   11.060661] cloud-init[945]: The key fingerprint is:
[   11.065673] cloud-init[945]: SHA256:U5shWQRCasHIjIKp7URYhBUa1TGw1OVgAHdHWVK3R60 root@ubuntu-xenial
[   11.070471] cloud-init[945]: The key's randomart image is:
[   11.074560] cloud-init[945]: +---[RSA 2048]----+
[   11.085159] cloud-init[945]: |+&@OB=B++o+ ..   |
[   11.088621] cloud-init[945]: |B==++B.o + o  .  |
[   11.091619] cloud-init[945]: |+o. o . o + ..   |
[   11.096112] cloud-init[945]: |. o.     o =E    |
[   11.099724] cloud-init[945]: | o      S o      |
[   11.102709] cloud-init[945]: |  .      .       |
[   11.106461] cloud-init[945]: |                 |
[   11.109358] cloud-init[945]: |                 |
[   11.117149] cloud-init[945]: |                 |
[   11.120393] cloud-init[945]: +----[SHA256]-----+
[   11.123508] cloud-init[945]: Generating public/private dsa key pair.
[   11.127980] cloud-init[945]: Your identification has been saved in /etc/ssh/ssh_host_dsa_key.
[   11.132391] cloud-init[945]: Your public key has been saved in /etc/ssh/ssh_host_dsa_key.pub.
[   11.137455] cloud-init[945]: The key fingerprint is:
[   11.145187] cloud-init[945]: SHA256:Rx6SrLCa7l6t97iizLM0bLBOPA37UM7TeLO/LU2ruEo root@ubuntu-xenial
[   11.150179] cloud-init[945]: The key's randomart image is:
[   11.154698] cloud-init[945]: +---[DSA 1024]----+
[   11.157277] cloud-init[945]: |                 |
[   11.161733] cloud-init[945]: |       . .       |
[[0;32m  OK  [0m] Started Initial cloud-init job (metadata service crawler).
[[0;32m  OK  [0m] Reached target Network is Online.
[   11.165571] cloud-init[945]: |    .   + o      |
[   11.174598] cloud-init[945]: |     o . + .     |
[   11.178654] cloud-init[945]: |.. .. . S o      |
[   11.181064] cloud-init[945]: |.+Boo.   o       |
[   11.183383] cloud-init[945]: |.*BE.+. o .      |
[   11.186723] cloud-init[945]:          Starting iSCSI initiator daemon (iscsid)...
[[0;32m  OK  [0m] Reached target Cloud-config availability.
[[0;32m  OK  [0m] Reached target System Initialization.
|o**o+.=o.o       |
[   11.197047] [[0;32m  OK  [0m] Started ACPI Events Check.
[[0;32m  OK  [0m] Reached target Paths.
[[0;32m  OK  [0m] Listening on D-Bus System Message Bus Socket.
cloud-init[945]: | +O*o*=*=.       |
[   11.204607] [cloud-init[0;32m  OK  [0m[945]: ] +----[SHA256]-----+Started Daily Cleanup of Temporary Directories.

[   11.205160] cloud-init[945]: Generating public/private ecdsa key pair.
         Starting LXD - unix socket.
[[0;32m  OK  [0m] Listening on UUID daemon activation socket.
[   11.221797] cloud-init[945]: Your identification has been saved in /etc/ssh/ssh_host_ecdsa_key.
[   11.241844] cloud-init[945]: Your public key has been saved in /etc/ssh/ssh_host_ecdsa_key.pub.
[   11.248857] cloud-init[945]: The key fingerprint is:
[   11.257312] cloud-init[945]: SHA256:x/wWD6Um28Te9kzUIDXZ/zJAiBCrweiUbd52cgWZH30 root@ubuntu-xenial
         Starting Socket activation for snappy daemon.
[[0;32m  OK  [0m] Started Daily apt download activities.
[   11.264611] cloud-init[945]: The key's randomart image is:
[   11.282027] cloud-init[945]: +---[ECDSA 256]---+
[   11.288915] cloud-init[945]: |      oo.+ o  oo |
[   11.299920] cloud-init[945]: |   =   .+.o o.E..|
[   11.301913] cloud-init[945]: |  + = .  ..o..o .|
[   11.303950] cloud-init[945]: | o o +   +...+ .o|
[[0;32m  OK  [0m] Started Daily apt upgrade and clean activities.
[   11.304729] cloud-init[945]: |  . o + S = B.  +|
[   11.310589] cloud-init[945]: |     . + . O =o..|
[   11.311053] [cloud-init[0;32m  OK  [0m[945]: ] |          . = +o.|Reached target Timers.

[[   11.311163] cloud-init[945]: |           . . + |
[   11.315931] cloud-init[945]: |                o|
[0;32m  OK  [0m] Listening on ACPID Listen Socket.
[   11.317857] cloud-init[945]: +----[SHA256]-----+
[   11.325483] cloud-init[945]: Generating public/private ed25519 key pair.
[   11.328244] cloud-init[945]: Your identification has been saved in /etc/ssh/ssh_host_ed25519_key.
[   11.330993] cloud-init[945]: Your public key has been saved in /etc/ssh/ssh_host_ed25519_key.pub.
[   11.334114] cloud-init[945]: The key fingerprint is:
[   11.335597] cloud-init[945]: SHA256:SRpN7URobs6UwMZUrQkQY5ypdpZh/Q7MmLeOkKYr7+s root@ubuntu-xenial
[[0;32m  OK  [0m] Listening on LXD - unix socket.
[   11.351154] cloud-init[945]: The key's randomart image is:
[[0;32m  OK  [0m] Listening on Socket activation for snappy daemon.[   11.370552] cloud-init[945]: +--[ED25519 256]--+
[[0;32m  OK  [0m
[   11.386169] cloud-init] Started iSCSI initiator daemon (iscsid).
[945]: |   .=X..o=.      |
[   11.405387] cloud-init[945]: |   .*.Boo +      |
[   11.418327] cloud-init[945]: |   o O.*o*       |
[   11.430582] cloud-init[945]: |  o * =+O..      |
[   11.441153] cloud-init[945]: | . + ..OS        |
[   11.457600] cloud-init[945]: |  +   . +        |
         Starting Login to default iSCSI targets...
[   11.489948] cloud-init[945]: | o . o           |
[   11.495534] cloud-init[945]: |o   . .          |
[[   11.500434] cloud-init[945]: |o=E.             |
[   11.501292] cloud-init[945]: +----[SHA256]-----+
[0;32m  OK  [0m] Reached target Sockets.
[[0;32m  OK  [0m] Reached target Basic System.
         Starting LXD - container startup/shutdown...
         Starting Login Service...
         Starting Accounts Service...
         Starting LSB: Record successful boot for GRUB...
         Starting System Logging Service...
         Starting LSB: MD monitoring daemon...
[[0;32m  OK  [0m] Started FUSE filesystem for LXC.
         Starting Virtualbox guest utils...
[[0;32m  OK  [0m] Started ACPI event daemon.
[[0;32m  OK  [0m] Started D-Bus System Message Bus.
         Starting Pollinate to seed the pseudo random number generator...
         Starting Snappy daemon...
         Starting /etc/rc.local Compatibility...
[[0;32m  OK  [0m] Started Unattended Upgrades Shutdown.
[[0;32m  OK  [0m] Started Deferred execution scheduler.
[[0;32m  OK  [0m] Started Regular background program processing daemon.
[[0;32m  OK  [0m] Started System Logging Service.
[[0;32m  OK  [0m] Started LXD - container startup/shutdown.
[[0;32m  OK  [0m] Started /etc/rc.local Compatibility.
[[0;32m  OK  [0m] Started Login to default iSCSI targets.
[[0;32m  OK  [0m] Started LSB: Record successful boot for GRUB.
[[0;32m  OK  [0m] Started LSB: MD monitoring daemon.
[[0;32m  OK  [0m] Started Login Service.
         Starting Authenticate and Authorize Users to Run Privileged Tasks...
[[0;32m  OK  [0m] Reached target Remote File Systems (Pre).
[[0;32m  OK  [0m] Reached target Remote File Systems.
         Starting LSB: Set the CPU Frequency Scaling governor to "ondemand"...
         Starting Permit User Sessions...
         Starting LSB: daemon to balance interrupts for SMP systems...
         Starting LSB: automatic crash report generation...
[[0;32m  OK  [0m] Started Snappy daemon.
[[0;32m  OK  [0m] Started Permit User Sessions.
         Starting Terminate Plymouth Boot Screen...
         Starting Hold until boot process finishes up...
         Starting Wait until snapd is fully seeded...
[[0;32m  OK  [0m] Started LSB: Set the CPU Frequency Scaling governor to "ondemand".
[[0;32m  OK  [0m] Started Terminate Plymouth Boot Screen.
[[0;32m  OK  [0m] Started Hold until boot process finishes up.
[[0;32m  OK  [0m] Started Authenticate and Authorize Users to Run Privileged Tasks.
[[0;32m  OK  [0m] Started Pollinate to seed the pseudo random number generator.
[[0;32m  OK  [0m] Started Accounts Service.
         Starting OpenBSD Secure Shell server...
[[0;32m  OK  [0m] Started Getty on tty1.
         Starting Set console scheme...
[[0;32m  OK  [0m] Started Serial Getty on ttyS0.
[[0;32m  OK  [0m] Reached target Login Prompts.
[[0;32m  OK  [0m] Started LSB: daemon to balance interrupts for SMP systems.
[[0;32m  OK  [0m] Started Set console scheme.
[[0;32m  OK  [0m] Started LSB: automatic crash report generation.
[[0;32m  OK  [0m] Started Virtualbox guest utils.
[[0;32m  OK  [0m] Started OpenBSD Secure Shell server.
[[0;32m  OK  [0m] Created slice User Slice of vagrant.
         Starting User Manager for UID 1000...
[[0;32m  OK  [0m] Started Session 1 of user vagrant.
[[0;32m  OK  [0m] Started User Manager for UID 1000.
         Stopping User Manager for UID 1000...
[[0;32m  OK  [0m] Started Wait until snapd is fully seeded.
         Starting Apply the settings specified in cloud-config...
[[0;32m  OK  [0m] Reached target Multi-User System.
[[0;32m  OK  [0m] Reached target Graphical Interface.
         Starting Update UTMP about System Runlevel Changes...
[[0;32m  OK  [0m] Stopped User Manager for UID 1000.
[[0;32m  OK  [0m] Started Update UTMP about System Runlevel Changes.
[[0;32m  OK  [0m] Removed slice User Slice of vagrant.
[[0;32m  OK  [0m] Created slice User Slice of vagrant.
         Starting User Manager for UID 1000...
[[0;32m  OK  [0m] Started Session 2 of user vagrant.
[[0;32m  OK  [0m] Started User Manager for UID 1000.
[   16.354205] cloud-init[1501]: Generating locales (this might take a while)...
[   18.072402] cloud-init[1501]:   en_US.UTF-8... done
[   18.075744] cloud-init[1501]: Generation complete.

Ubuntu 16.04.6 LTS ubuntu-xenial ttyS0

ubuntu-xenial login: [   18.772306] cloud-init[1501]: Cloud-init v. 18.5-45-g3554ffe8-0ubuntu1~16.04.1 running 'modules:config' at Fri, 31 May 2019 15:49:22 +0000. Up 16.19 seconds.
ci-info: no authorized ssh keys fingerprints found for user ubuntu.
<14>May 31 15:49:26 ec2: 
<14>May 31 15:49:26 ec2: #############################################################
<14>May 31 15:49:26 ec2: -----BEGIN SSH HOST KEY FINGERPRINTS-----
<14>May 31 15:49:26 ec2: 1024 SHA256:Rx6SrLCa7l6t97iizLM0bLBOPA37UM7TeLO/LU2ruEo root@ubuntu-xenial (DSA)
<14>May 31 15:49:26 ec2: 256 SHA256:x/wWD6Um28Te9kzUIDXZ/zJAiBCrweiUbd52cgWZH30 root@ubuntu-xenial (ECDSA)
<14>May 31 15:49:26 ec2: 256 SHA256:SRpN7URobs6UwMZUrQkQY5ypdpZh/Q7MmLeOkKYr7+s root@ubuntu-xenial (ED25519)
<14>May 31 15:49:26 ec2: 2048 SHA256:U5shWQRCasHIjIKp7URYhBUa1TGw1OVgAHdHWVK3R60 root@ubuntu-xenial (RSA)
<14>May 31 15:49:26 ec2: -----END SSH HOST KEY FINGERPRINTS-----
<14>May 31 15:49:26 ec2: #############################################################
-----BEGIN SSH HOST KEY KEYS-----
ecdsa-sha2-nistp256 AAAAE2VjZHNhLXNoYTItbmlzdHAyNTYAAAAIbmlzdHAyNTYAAABBBEldfxN5BNEMhIJcfD4sifiEny1wtdvcGpRDF0PtGMcxE2rpkrhDymPEZx37jLCzIDKOqeQmLGuRSIeWmJn3Tcc= root@ubuntu-xenial
ssh-ed25519 AAAAC3NzaC1lZDI1NTE5AAAAILP5ruNKDImwvN2MHpDNPasMDBz4qUhkPnF9vRfPM53o root@ubuntu-xenial
ssh-rsa AAAAB3NzaC1yc2EAAAADAQABAAABAQDIfHlv7Z5W75ai5Rf2eYI2rJRjGX3U0/jCB2z5OWsQ7Db1dA1D98BnTM+A/1J+BD4kAcymx93Y2AGVuuXcYXbYE1InZkQFzrM6w51ONNaciNxP2GgeUYZ52Mq0Yvdljs1JTNu2il2uL9O4X7rNTeJm2REh24YIrepyE5xM52p1EyhQtvPPXhtEtODyVdIpO/9LvVaCi4eDlYSIG+/CM+v7xTrQ+Qg5TPmRANxD1zV864NNNRmGFiVHtAANwnneX2EVspxd3+ISybWniNhd0TVC5m9lscOhwlJJgXxx1+Ro3akLmmMjfZcN1eUiXjAQe3JuPtM2CCz/+BdJAxLcLhbP root@ubuntu-xenial
-----END SSH HOST KEY KEYS-----
[   20.148400] cloud-init[1863]: Cloud-init v. 18.5-45-g3554ffe8-0ubuntu1~16.04.1 running 'modules:final' at Fri, 31 May 2019 15:49:26 +0000. Up 19.82 seconds.
[   20.148697] cloud-init[1863]: ci-info: no authorized ssh keys fingerprints found for user ubuntu.
[   20.160869] cloud-init[1863]: Cloud-init v. 18.5-45-g3554ffe8-0ubuntu1~16.04.1 finished at Fri, 31 May 2019 15:49:26 +0000. Datasource DataSourceNoCloud [seed=/dev/sdb][dsmode=net].  Up 20.10 seconds
