[    0.000000] Initializing cgroup subsys cpuset
[    0.000000] Initializing cgroup subsys cpu
[    0.000000] Initializing cgroup subsys cpuacct
[    0.000000] Linux version 4.4.0-146-generic (buildd@lcy01-amd64-025) (gcc version 5.4.0 20160609 (Ubuntu 5.4.0-6ubuntu1~16.04.10) ) #172-Ubuntu SMP Wed Apr 3 09:00:08 UTC 2019 (Ubuntu 4.4.0-146.172-generic 4.4.177)
[    0.000000] Command line: BOOT_IMAGE=/boot/vmlinuz-4.4.0-146-generic root=LABEL=cloudimg-rootfs ro console=tty1 console=ttyS0
[    0.000000] KERNEL supported cpus:
[    0.000000]   Intel GenuineIntel
[    0.000000]   AMD AuthenticAMD
[    0.000000]   Centaur CentaurHauls
[    0.000000] x86/fpu: xstate_offset[2]:  576, xstate_sizes[2]:  256
[    0.000000] x86/fpu: Supporting XSAVE feature 0x01: 'x87 floating point registers'
[    0.000000] x86/fpu: Supporting XSAVE feature 0x02: 'SSE registers'
[    0.000000] x86/fpu: Supporting XSAVE feature 0x04: 'AVX registers'
[    0.000000] x86/fpu: Enabled xstate features 0x7, context size is 832 bytes, using 'standard' format.
[    0.000000] e820: BIOS-provided physical RAM map:
[    0.000000] BIOS-e820: [mem 0x0000000000000000-0x000000000009fbff] usable
[    0.000000] BIOS-e820: [mem 0x000000000009fc00-0x000000000009ffff] reserved
[    0.000000] BIOS-e820: [mem 0x00000000000f0000-0x00000000000fffff] reserved
[    0.000000] BIOS-e820: [mem 0x0000000000100000-0x000000003ffeffff] usable
[    0.000000] BIOS-e820: [mem 0x000000003fff0000-0x000000003fffffff] ACPI data
[    0.000000] BIOS-e820: [mem 0x00000000fec00000-0x00000000fec00fff] reserved
[    0.000000] BIOS-e820: [mem 0x00000000fee00000-0x00000000fee00fff] reserved
[    0.000000] BIOS-e820: [mem 0x00000000fffc0000-0x00000000ffffffff] reserved
[    0.000000] NX (Execute Disable) protection: active
[    0.000000] SMBIOS 2.5 present.
[    0.000000] Hypervisor detected: KVM
[    0.000000] e820: last_pfn = 0x3fff0 max_arch_pfn = 0x400000000
[    0.000000] MTRR: Disabled
[    0.000000] x86/PAT: MTRRs disabled, skipping PAT initialization too.
[    0.000000] CPU MTRRs all blank - virtualized system.
[    0.000000] x86/PAT: Configuration [0-7]: WB  WT  UC- UC  WB  WT  UC- UC  
[    0.000000] found SMP MP-table at [mem 0x0009fff0-0x0009ffff] mapped at [ffff88000009fff0]
[    0.000000] Scanning 1 areas for low memory corruption
[    0.000000] RAMDISK: [mem 0x362fa000-0x37174fff]
[    0.000000] ACPI: Early table checksum verification disabled
[    0.000000] ACPI: RSDP 0x00000000000E0000 000024 (v02 VBOX  )
[    0.000000] ACPI: XSDT 0x000000003FFF0030 00003C (v01 VBOX   VBOXXSDT 00000001 ASL  00000061)
[    0.000000] ACPI: FACP 0x000000003FFF00F0 0000F4 (v04 VBOX   VBOXFACP 00000001 ASL  00000061)
[    0.000000] ACPI: DSDT 0x000000003FFF0470 0022EA (v02 VBOX   VBOXBIOS 00000002 INTL 20100528)
[    0.000000] ACPI: FACS 0x000000003FFF0200 000040
[    0.000000] ACPI: FACS 0x000000003FFF0200 000040
[    0.000000] ACPI: APIC 0x000000003FFF0240 00005C (v02 VBOX   VBOXAPIC 00000001 ASL  00000061)
[    0.000000] ACPI: SSDT 0x000000003FFF02A0 0001CC (v01 VBOX   VBOXCPUT 00000002 INTL 20100528)
[    0.000000] No NUMA configuration found
[    0.000000] Faking a node at [mem 0x0000000000000000-0x000000003ffeffff]
[    0.000000] NODE_DATA(0) allocated [mem 0x3ffeb000-0x3ffeffff]
[    0.000000] kvm-clock: Using msrs 4b564d01 and 4b564d00
[    0.000000] kvm-clock: cpu 0, msr 0:3ffe3001, primary cpu clock
[    0.000000] kvm-clock: using sched offset of 4203088096 cycles
[    0.000000] clocksource: kvm-clock: mask: 0xffffffffffffffff max_cycles: 0x1cd42e4dffb, max_idle_ns: 881590591483 ns
[    0.000000] Zone ranges:
[    0.000000]   DMA      [mem 0x0000000000001000-0x0000000000ffffff]
[    0.000000]   DMA32    [mem 0x0000000001000000-0x000000003ffeffff]
[    0.000000]   Normal   empty
[    0.000000]   Device   empty
[    0.000000] Movable zone start for each node
[    0.000000] Early memory node ranges
[    0.000000]   node   0: [mem 0x0000000000001000-0x000000000009efff]
[    0.000000]   node   0: [mem 0x0000000000100000-0x000000003ffeffff]
[    0.000000] Initmem setup node 0 [mem 0x0000000000001000-0x000000003ffeffff]
[    0.000000] ACPI: PM-Timer IO Port: 0x4008
[    0.000000] IOAPIC[0]: apic_id 2, version 32, address 0xfec00000, GSI 0-23
[    0.000000] ACPI: INT_SRC_OVR (bus 0 bus_irq 0 global_irq 2 dfl dfl)
[    0.000000] ACPI: INT_SRC_OVR (bus 0 bus_irq 9 global_irq 9 low level)
[    0.000000] Using ACPI (MADT) for SMP configuration information
[    0.000000] smpboot: Allowing 2 CPUs, 0 hotplug CPUs
[    0.000000] PM: Registered nosave memory: [mem 0x00000000-0x00000fff]
[    0.000000] PM: Registered nosave memory: [mem 0x0009f000-0x0009ffff]
[    0.000000] PM: Registered nosave memory: [mem 0x000a0000-0x000effff]
[    0.000000] PM: Registered nosave memory: [mem 0x000f0000-0x000fffff]
[    0.000000] e820: [mem 0x40000000-0xfebfffff] available for PCI devices
[    0.000000] Booting paravirtualized kernel on KVM
[    0.000000] clocksource: refined-jiffies: mask: 0xffffffff max_cycles: 0xffffffff, max_idle_ns: 7645519600211568 ns
[    0.000000] setup_percpu: NR_CPUS:512 nr_cpumask_bits:512 nr_cpu_ids:2 nr_node_ids:1
[    0.000000] PERCPU: Embedded 34 pages/cpu @ffff88003fc00000 s99480 r8192 d31592 u1048576
[    0.000000] Built 1 zonelists in Node order, mobility grouping on.  Total pages: 257912
[    0.000000] Policy zone: DMA32
[    0.000000] Kernel command line: BOOT_IMAGE=/boot/vmlinuz-4.4.0-146-generic root=LABEL=cloudimg-rootfs ro console=tty1 console=ttyS0
[    0.000000] PID hash table entries: 4096 (order: 3, 32768 bytes)
[    0.000000] Memory: 997732K/1048120K available (8609K kernel code, 1334K rwdata, 4028K rodata, 1484K init, 1284K bss, 50388K reserved, 0K cma-reserved)
[    0.000000] SLUB: HWalign=64, Order=0-3, MinObjects=0, CPUs=2, Nodes=1
[    0.000000] Kernel/User page tables isolation: enabled
[    0.000000] Hierarchical RCU implementation.
[    0.000000] 	Build-time adjustment of leaf fanout to 64.
[    0.000000] 	RCU restricting CPUs from NR_CPUS=512 to nr_cpu_ids=2.
[    0.000000] RCU: Adjusting geometry for rcu_fanout_leaf=64, nr_cpu_ids=2
[    0.000000] NR_IRQS:33024 nr_irqs:440 16
[    0.000000] Console: colour VGA+ 80x25
[    0.000000] console [tty1] enabled
[    0.000000] console [ttyS0] enabled
[    0.000000] tsc: Detected 1600.000 MHz processor
[    0.274753] Calibrating delay loop (skipped) preset value.. 3200.00 BogoMIPS (lpj=6400000)
[    0.278849] pid_max: default: 32768 minimum: 301
[    0.280892] ACPI: Core revision 20150930
[    0.284231] ACPI: 2 ACPI AML tables successfully acquired and loaded
[    0.286910] Security Framework initialized
[    0.288584] Yama: becoming mindful.
[    0.290111] AppArmor: AppArmor initialized
[    0.292054] Dentry cache hash table entries: 131072 (order: 8, 1048576 bytes)
[    0.296986] Inode-cache hash table entries: 65536 (order: 7, 524288 bytes)
[    0.300297] Mount-cache hash table entries: 2048 (order: 2, 16384 bytes)
[    0.302991] Mountpoint-cache hash table entries: 2048 (order: 2, 16384 bytes)
[    0.306164] Initializing cgroup subsys io
[    0.308229] Initializing cgroup subsys memory
[    0.310308] Initializing cgroup subsys devices
[    0.312167] Initializing cgroup subsys freezer
[    0.314015] Initializing cgroup subsys net_cls
[    0.316468] Initializing cgroup subsys perf_event
[    0.319251] Initializing cgroup subsys net_prio
[    0.321345] Initializing cgroup subsys hugetlb
[    0.323625] Initializing cgroup subsys pids
[    0.326592] mce: CPU supports 0 MCE banks
[    0.328320] Last level iTLB entries: 4KB 64, 2MB 8, 4MB 8
[    0.330911] Last level dTLB entries: 4KB 64, 2MB 0, 4MB 0, 1GB 4
[    0.333823] Spectre V2 : Mitigation: Full generic retpoline
[    0.336188] Spectre V2 : Spectre v2 / SpectreRSB mitigation: Filling RSB on context switch
[    0.340467] Speculative Store Bypass: Vulnerable
[    0.346087] Freeing SMP alternatives memory: 36K
[    0.355791] ftrace: allocating 32287 entries in 127 pages
[    0.427945] smpboot: APIC(0) Converting physical 0 to logical package 0
[    0.430906] smpboot: Max logical packages: 1
[    0.432984] x2apic enabled
[    0.434509] Switched APIC routing to physical x2apic.
[    0.438202] ..TIMER: vector=0x30 apic1=0 pin1=2 apic2=-1 pin2=-1
[    0.546015] smpboot: CPU0: Intel(R) Core(TM) i5-5250U CPU @ 1.60GHz (family: 0x6, model: 0x3d, stepping: 0x4)
[    0.551793] Performance Events: unsupported p6 CPU model 61 no PMU driver, software events only.
[    0.568742] KVM setup paravirtual spinlock
[    0.571638] x86: Booting SMP configuration:
[    0.574219] .... node  #0, CPUs:      #1
[    0.577465] kvm-clock: cpu 1, msr 0:3ffe3041, secondary cpu clock
[    0.582765] mce: CPU supports 0 MCE banks
[    0.588952] x86: Booted up 1 node, 2 CPUs
[    0.593281] smpboot: Total of 2 processors activated (6400.00 BogoMIPS)
[    0.600055] devtmpfs: initialized
[    0.606982] evm: security.selinux
[    0.610166] evm: security.SMACK64
[    0.613540] evm: security.SMACK64EXEC
[    0.617646] evm: security.SMACK64TRANSMUTE
[    0.621558] evm: security.SMACK64MMAP
[    0.624681] evm: security.ima
[    0.627261] evm: security.capability
[    0.631563] clocksource: jiffies: mask: 0xffffffff max_cycles: 0xffffffff, max_idle_ns: 7645041785100000 ns
[    0.639287] futex hash table entries: 512 (order: 3, 32768 bytes)
[    0.646345] pinctrl core: initialized pinctrl subsystem
[    0.653235] RTC time: 15:46:45, date: 05/31/19
[    0.660732] NET: Registered protocol family 16
[    0.677944] cpuidle: using governor ladder
[    0.693812] cpuidle: using governor menu
[    0.695634] PCCT header not found.
[    0.697156] ACPI: bus type PCI registered
[    0.699551] acpiphp: ACPI Hot Plug PCI Controller Driver version: 0.5
[    0.703266] PCI: Using configuration type 1 for base access
[    0.719994] ACPI: Added _OSI(Module Device)
[    0.722181] ACPI: Added _OSI(Processor Device)
[    0.724070] ACPI: Added _OSI(3.0 _SCP Extensions)
[    0.726114] ACPI: Added _OSI(Processor Aggregator Device)
[    0.729415] ACPI: Executed 1 blocks of module-level executable AML code
[    0.735750] ACPI: Interpreter enabled
[    0.737379] ACPI: (supports S0 S5)
[    0.739050] ACPI: Using IOAPIC for interrupt routing
[    0.741736] PCI: Using host bridge windows from ACPI; if necessary, use "pci=nocrs" and report a bug
[    0.752164] ACPI: PCI Root Bridge [PCI0] (domain 0000 [bus 00-ff])
[    0.754882] acpi PNP0A03:00: _OSC: OS supports [ASPM ClockPM Segments MSI]
[    0.758553] acpi PNP0A03:00: _OSC: not requesting OS control; OS requires [ExtendedConfig ASPM ClockPM MSI]
[    0.762690] acpi PNP0A03:00: fail to add MMCONFIG information, can't access extended PCI configuration space under this bridge.
[    0.768275] PCI host bridge to bus 0000:00
[    0.770265] pci_bus 0000:00: root bus resource [io  0x0000-0x0cf7 window]
[    0.773280] pci_bus 0000:00: root bus resource [io  0x0d00-0xffff window]
[    0.776152] pci_bus 0000:00: root bus resource [mem 0x000a0000-0x000bffff window]
[    0.779705] pci_bus 0000:00: root bus resource [mem 0x40000000-0xfdffffff window]
[    0.783987] pci_bus 0000:00: root bus resource [bus 00-ff]
[    0.791604] pci 0000:00:01.1: legacy IDE quirk: reg 0x10: [io  0x01f0-0x01f7]
[    0.794702] pci 0000:00:01.1: legacy IDE quirk: reg 0x14: [io  0x03f6]
[    0.797757] pci 0000:00:01.1: legacy IDE quirk: reg 0x18: [io  0x0170-0x0177]
[    0.800866] pci 0000:00:01.1: legacy IDE quirk: reg 0x1c: [io  0x0376]
[    0.833895] pci 0000:00:07.0: quirk: [io  0x4000-0x403f] claimed by PIIX4 ACPI
[    0.837488] pci 0000:00:07.0: quirk: [io  0x4100-0x410f] claimed by PIIX4 SMB
[    0.871470] ACPI: PCI Interrupt Link [LNKA] (IRQs 5 9 10 *11)
[    0.874669] ACPI: PCI Interrupt Link [LNKB] (IRQs 5 9 *10 11)
[    0.878169] ACPI: PCI Interrupt Link [LNKC] (IRQs 5 *9 10 11)
[    0.881237] ACPI: PCI Interrupt Link [LNKD] (IRQs 5 9 10 *11)
[    0.885786] ACPI: Enabled 2 GPEs in block 00 to 07
[    0.888347] vgaarb: setting as boot device: PCI:0000:00:02.0
[    0.890743] vgaarb: device added: PCI:0000:00:02.0,decodes=io+mem,owns=io+mem,locks=none
[    0.894416] vgaarb: loaded
[    0.895744] vgaarb: bridge control possible 0000:00:02.0
[    0.898585] SCSI subsystem initialized
[    0.900643] ACPI: bus type USB registered
[    0.902543] usbcore: registered new interface driver usbfs
[    0.904853] usbcore: registered new interface driver hub
[    0.907190] usbcore: registered new device driver usb
[    0.910259] PCI: Using ACPI for IRQ routing
[    0.912753] NetLabel: Initializing
[    0.914461] NetLabel:  domain hash size = 128
[    0.916874] NetLabel:  protocols = UNLABELED CIPSOv4
[    0.921109] NetLabel:  unlabeled traffic allowed by default
[    0.923963] amd_nb: Cannot enumerate AMD northbridges
[    0.926499] clocksource: Switched to clocksource kvm-clock
[    0.940601] AppArmor: AppArmor Filesystem Enabled
[    0.942834] pnp: PnP ACPI init
[    0.946338] pnp: PnP ACPI: found 3 devices
[    0.964743] clocksource: acpi_pm: mask: 0xffffff max_cycles: 0xffffff, max_idle_ns: 2085701024 ns
[    0.969676] NET: Registered protocol family 2
[    0.971713] TCP established hash table entries: 8192 (order: 4, 65536 bytes)
[    0.975237] TCP bind hash table entries: 8192 (order: 5, 131072 bytes)
[    0.978682] TCP: Hash tables configured (established 8192 bind 8192)
[    0.981793] UDP hash table entries: 512 (order: 2, 16384 bytes)
[    0.984968] UDP-Lite hash table entries: 512 (order: 2, 16384 bytes)
[    0.987745] NET: Registered protocol family 1
[    0.990280] pci 0000:00:00.0: Limiting direct PCI/PCI transfers
[    0.992985] pci 0000:00:01.0: Activating ISA DMA hang workarounds
[    0.995850] Unpacking initramfs...
[    1.273598] Freeing initrd memory: 14828K
[    1.275650] RAPL PMU detected, API unit is 2^-32 Joules, 4 fixed counters 10737418240 ms ovfl timer
[    1.279888] hw unit of domain pp0-core 2^-0 Joules
[    1.282000] hw unit of domain package 2^-0 Joules
[    1.284405] hw unit of domain dram 2^-0 Joules
[    1.286470] hw unit of domain pp1-gpu 2^-0 Joules
[    1.288567] platform rtc_cmos: registered platform RTC device (no PNP device found)
[    1.292192] Scanning for low memory corruption every 60 seconds
[    1.295825] audit: initializing netlink subsys (disabled)
[    1.298204] audit: type=2000 audit(1559317612.062:1): initialized
[    1.301368] Initialise system trusted keyring
[    1.303605] HugeTLB registered 2 MB page size, pre-allocated 0 pages
[    1.307594] zbud: loaded
[    1.309656] VFS: Disk quotas dquot_6.6.0
[    1.311470] VFS: Dquot-cache hash table entries: 512 (order 0, 4096 bytes)
[    1.314522] squashfs: version 4.0 (2009/01/31) Phillip Lougher
[    1.318139] fuse init (API version 7.23)
[    1.320358] Key type big_key registered
[    1.322233] Allocating IMA MOK and blacklist keyrings.
[    1.327025] Key type asymmetric registered
[    1.328920] Asymmetric key parser 'x509' registered
[    1.331590] Block layer SCSI generic (bsg) driver version 0.4 loaded (major 249)
[    1.335051] io scheduler noop registered
[    1.336782] io scheduler deadline registered (default)
[    1.339130] io scheduler cfq registered
[    1.341098] pci_hotplug: PCI Hot Plug PCI Core version: 0.5
[    1.343593] pciehp: PCI Express Hot Plug Controller Driver version: 0.4
[    1.346554] ACPI: AC Adapter [AC] (off-line)
[    1.348488] input: Power Button as /devices/LNXSYSTM:00/LNXPWRBN:00/input/input0
[    1.352465] ACPI: Power Button [PWRF]
[    1.354348] input: Sleep Button as /devices/LNXSYSTM:00/LNXSLPBN:00/input/input1
[    1.357908] ACPI: Sleep Button [SLPF]
[    1.360170] GHES: HEST is not enabled!
[    1.361868] ACPI: Battery Slot [BAT0] (battery present)
[    1.365052] Serial: 8250/16550 driver, 32 ports, IRQ sharing enabled
[    1.389415] 00:02: ttyS0 at I/O 0x3f8 (irq = 4, base_baud = 115200) is a 16550A
[    1.398282] Linux agpgart interface v0.103
[    1.403088] loop: module loaded
[    1.405539] scsi host0: ata_piix
[    1.407356] scsi host1: ata_piix
[    1.408910] ata1: PATA max UDMA/33 cmd 0x1f0 ctl 0x3f6 bmdma 0xd000 irq 14
[    1.412007] ata2: PATA max UDMA/33 cmd 0x170 ctl 0x376 bmdma 0xd008 irq 15
[    1.415336] libphy: Fixed MDIO Bus: probed
[    1.417606] tun: Universal TUN/TAP device driver, 1.6
[    1.420057] tun: (C) 1999-2004 Max Krasnyansky <maxk@qualcomm.com>
[    1.423009] PPP generic driver version 2.4.2
[    1.424905] ehci_hcd: USB 2.0 'Enhanced' Host Controller (EHCI) Driver
[    1.427504] ehci-pci: EHCI PCI platform driver
[    1.429702] ehci-platform: EHCI generic platform driver
[    1.431907] ohci_hcd: USB 1.1 'Open' Host Controller (OHCI) Driver
[    1.434547] ohci-pci: OHCI PCI platform driver
[    1.436698] ohci-platform: OHCI generic platform driver
[    1.439410] uhci_hcd: USB Universal Host Controller Interface driver
[    1.442116] i8042: PNP: PS/2 Controller [PNP0303:PS2K,PNP0f03:PS2M] at 0x60,0x64 irq 1,12
[    1.446370] serio: i8042 KBD port at 0x60,0x64 irq 1
[    1.448842] serio: i8042 AUX port at 0x60,0x64 irq 12
[    1.452021] mousedev: PS/2 mouse device common for all mice
[    1.455235] input: AT Translated Set 2 keyboard as /devices/platform/i8042/serio0/input/input2
[    1.459739] rtc_cmos rtc_cmos: rtc core: registered rtc_cmos as rtc0
[    1.462881] rtc_cmos rtc_cmos: alarms up to one day, 114 bytes nvram
[    1.465608] i2c /dev entries driver
[    1.467337] device-mapper: uevent: version 1.0.3
[    1.470021] device-mapper: ioctl: 4.34.0-ioctl (2015-10-28) initialised: dm-devel@redhat.com
[    1.473724] ledtrig-cpu: registered to indicate activity on CPUs
[    1.476651] NET: Registered protocol family 10
[    1.479036] NET: Registered protocol family 17
[    1.481014] Key type dns_resolver registered
[    1.484319] registered taskstats version 1
[    1.486623] Loading compiled-in X.509 certificates
[    1.489605] Loaded X.509 cert 'Build time autogenerated kernel key: 4dcb2dc2c7cf43e0c20c44384f68683c20294489'
[    1.494049] zswap: loaded using pool lzo/zbud
[    1.498950] Key type trusted registered
[    1.506011] Key type encrypted registered
[    1.508087] AppArmor: AppArmor sha1 policy hashing enabled
[    1.510604] ima: No TPM chip found, activating TPM-bypass!
[    1.513117] ima: Allocated hash algorithm: sha1
[    1.515165] evm: HMAC attrs: 0x1
[    1.518008]   Magic number: 3:152:792
[    1.520176] rtc_cmos rtc_cmos: setting system clock to 2019-05-31 15:46:46 UTC (1559317606)
[    1.524111] BIOS EDD facility v0.16 2004-Jun-25, 0 devices found
[    1.527323] EDD information not available.
[    1.572854] Freeing unused kernel memory: 1484K
[    1.575416] Write protecting the kernel read-only data: 14336k
[    1.578652] Freeing unused kernel memory: 1620K
[    1.580771] Freeing unused kernel memory: 68K
Loading, please wait...
starting version 229
[    1.601896] random: systemd-udevd: uninitialized urandom read (16 bytes read, 3 bits of entropy available)
[    1.601906] random: udevadm: uninitialized urandom read (16 bytes read, 3 bits of entropy available)
[    1.601926] random: udevadm: uninitialized urandom read (16 bytes read, 3 bits of entropy available)
[    1.613080] random: udevadm: uninitialized urandom read (16 bytes read, 3 bits of entropy available)
[    1.613159] random: udevadm: uninitialized urandom read (16 bytes read, 3 bits of entropy available)
[    1.613407] random: udevadm: uninitialized urandom read (16 bytes read, 3 bits of entropy available)
[    1.613479] random: udevadm: uninitialized urandom read (16 bytes read, 3 bits of entropy available)
[    1.613533] random: udevadm: uninitialized urandom read (16 bytes read, 3 bits of entropy available)
[    1.613590] random: udevadm: uninitialized urandom read (16 bytes read, 3 bits of entropy available)
[    1.613641] random: udevadm: uninitialized urandom read (16 bytes read, 3 bits of entropy available)
[    1.682222] e1000: Intel(R) PRO/1000 Network Driver - version 7.3.21-k8-NAPI
[    1.685866] e1000: Copyright (c) 1999-2006 Intel Corporation.
[    1.707937] Fusion MPT base driver 3.04.20
[    1.710107] Copyright (c) 1999-2008 LSI Corporation
[    1.739300] Fusion MPT SPI Host driver 3.04.20
[    1.754788] AVX2 version of gcm_enc/dec engaged.
[    1.757572] AES CTR mode by8 optimization enabled
[    1.937019] input: ImExPS/2 Generic Explorer Mouse as /devices/platform/i8042/serio1/input/input4
[    2.715280] tsc: Refined TSC clocksource calibration: 1599.734 MHz
[    2.719646] clocksource: tsc: mask: 0xffffffffffffffff max_cycles: 0x170f299cc8a, max_idle_ns: 440795239566 ns
[    2.752254] e1000 0000:00:03.0 eth0: (PCI:33MHz:32-bit) 02:3a:f4:24:e2:72
[    2.755108] e1000 0000:00:03.0 eth0: Intel(R) PRO/1000 Network Connection
[    3.336657] e1000 0000:00:08.0 eth1: (PCI:33MHz:32-bit) 08:00:27:1b:e9:ff
[    3.339549] e1000 0000:00:08.0 eth1: Intel(R) PRO/1000 Network Connection
[    3.343484] mptbase: ioc0: Initiating bringup
[    3.344464] e1000 0000:00:08.0 enp0s8: renamed from eth1
[    3.358168] e1000 0000:00:03.0 enp0s3: renamed from eth0
[    3.415413] ioc0: LSI53C1030 A0: Capabilities={Initiator}
[    3.583663] scsi host2: ioc0: LSI53C1030 A0, FwRev=00000000h, Ports=1, MaxQ=256, IRQ=20
[    3.699707] scsi 2:0:0:0: Direct-Access     VBOX     HARDDISK         1.0  PQ: 0 ANSI: 5
[    3.703818] scsi target2:0:0: Beginning Domain Validation
[    3.710433] scsi target2:0:0: Domain Validation skipping write tests
[    3.713233] scsi target2:0:0: Ending Domain Validation
[    3.727948] scsi target2:0:0: asynchronous
[    3.731809] scsi 2:0:1:0: Direct-Access     VBOX     HARDDISK         1.0  PQ: 0 ANSI: 5
[    3.736176] scsi target2:0:1: Beginning Domain Validation
[    3.741858] scsi target2:0:1: Domain Validation skipping write tests
[    3.744651] scsi target2:0:1: Ending Domain Validation
[    3.747122] scsi target2:0:1: asynchronous
[    3.761175] sd 2:0:0:0: Attached scsi generic sg0 type 0
[    3.763908] sd 2:0:0:0: [sda] 20971520 512-byte logical blocks: (10.7 GB/10.0 GiB)
[    3.767623] sd 2:0:1:0: Attached scsi generic sg1 type 0
[    3.770410] sd 2:0:1:0: [sdb] 20480 512-byte logical blocks: (10.5 MB/10.0 MiB)
[    3.774070] sd 2:0:0:0: [sda] Write Protect is off
[    3.776679] sd 2:0:1:0: [sdb] Write Protect is off
[    3.778658] sd 2:0:0:0: [sda] Incomplete mode parameter data
[    3.781050] sd 2:0:0:0: [sda] Assuming drive cache: write through
[    3.784587] sd 2:0:1:0: [sdb] Incomplete mode parameter data
[    3.786895] sd 2:0:1:0: [sdb] Assuming drive cache: write through
[    3.792442]  sda: sda1
[    3.795614] sd 2:0:0:0: [sda] Attached SCSI disk
[    3.798591] sd 2:0:1:0: [sdb] Attached SCSI disk
Begin: Loading essential drivers ... [    5.210864] md: linear personality registered for level -1
[    5.217066] md: multipath personality registered for level -4
[    5.224332] md: raid0 personality registered for level 0
[    5.233753] md: raid1 personality registered for level 1
[    5.314871] raid6: sse2x1   gen()  2981 MB/s
[    5.390921] raid6: sse2x1   xor()  1513 MB/s
[    5.458575] raid6: sse2x2   gen()  9336 MB/s
[    5.527179] raid6: sse2x2   xor()  6072 MB/s
[    5.594742] raid6: sse2x4   gen() 10969 MB/s
[    5.662651] raid6: sse2x4   xor()  7860 MB/s
[    5.730851] raid6: avx2x1   gen() 15114 MB/s
[    5.798514] raid6: avx2x2   gen() 17358 MB/s
[    5.866728] raid6: avx2x4   gen() 19583 MB/s
[    5.868694] raid6: using algorithm avx2x4 gen() 19583 MB/s
[    5.871129] raid6: using avx2x2 recovery algorithm
[    5.875116] xor: automatically using best checksumming function:
[    5.914685]    avx       : 25795.000 MB/sec
[    5.919097] async_tx: api initialized (async)
[    5.937042] md: raid6 personality registered for level 6
[    5.939444] md: raid5 personality registered for level 5
[    5.941687] md: raid4 personality registered for level 4
[    5.952477] md: raid10 personality registered for level 10
done.
Begin: Running /scripts/init-premount ... done.
Begin: Mounting root file system ... Begin: Running /scripts/local-top ... done.
Begin: Running /scripts/local-premount ... [    5.994797] Btrfs loaded
Scanning for Btrfs filesystems
done.
Warning: fsck not present, so skipping root file system
[    6.036812] EXT4-fs (sda1): mounted filesystem with ordered data mode. Opts: (null)
done.
Begin: Running /scripts/local-bottom ... done.
Begin: Running /scripts/init-bottom ... done.
[    6.156816] systemd[1]: systemd 229 running in system mode. (+PAM +AUDIT +SELINUX +IMA +APPARMOR +SMACK +SYSVINIT +UTMP +LIBCRYPTSETUP +GCRYPT +GNUTLS +ACL +XZ -LZ4 +SECCOMP +BLKID +ELFUTILS +KMOD -IDN)
[    6.164262] systemd[1]: Detected virtualization oracle.
[    6.166624] systemd[1]: Detected architecture x86-64.

Welcome to [1mUbuntu 16.04.6 LTS[0m!

[    6.172961] systemd[1]: Set hostname to <ubuntu>.
[    6.177851] systemd[1]: Initializing machine ID from random generator.
[    6.180990] systemd[1]: Installed transient /etc/machine-id file.
[    6.373523] systemd[1]: Created slice System Slice.
[[0;32m  OK  [0m] Created slice System Slice.
[    6.378057] systemd[1]: Reached target Swap.
[[0;32m  OK  [0m] Reached target Swap.
[    6.383822] systemd[1]: Reached target System Time Synchronized.
[[0;32m  OK  [0m] Reached target System Time Synchronized.
[    6.389585] systemd[1]: Listening on Journal Socket.
[[0;32m  OK  [0m] Listening on Journal Socket.
[    6.407012] systemd[1]: Mounting Debug File System...
         Mounting Debug File System...
[    6.420701] systemd[1]: Mounting POSIX Message Queue File System...
         Mounting POSIX Message Queue File System...
[    6.427003] systemd[1]: Listening on Syslog Socket.
[[0;32m  OK  [0m] Listening on Syslog Socket.
[    6.432475] systemd[1]: Created slice User and Session Slice.
[[0;32m  OK  [0m] Created slice User and Session Slice.
[    6.437923] systemd[1]: Listening on /dev/initctl Compatibility Named Pipe.
[[0;32m  OK  [0m] Listening on /dev/initctl Compatibility Named Pipe.
[    6.451202] systemd[1]: Set up automount Arbitrary Executable File Formats File System Automount Point.
[[0;32m  OK  [0m] Set up automount Arbitrary Executab...ats File System Automount Point.
[    6.479399] systemd[1]: Starting Create list of required static device nodes for the current kernel...
         Starting Create list of required st... nodes for the current kernel...
[    6.496346] systemd[1]: Listening on udev Kernel Socket.
[[0;32m  OK  [0m] Listening on udev Kernel Socket.
[    6.509186] systemd[1]: Starting Nameserver information manager...
         Starting Nameserver information manager...
[    6.528486] systemd[1]: Listening on Device-mapper event daemon FIFOs.
[[0;32m  OK  [0m] Listening on Device-mapper event daemon FIFOs.
[    6.548233] systemd[1]: Listening on LVM2 metadata daemon socket.
[[0;32m  OK  [0m] Listening on LVM2 metadata daemon socket.
[    6.579335] systemd[1]: Starting Monitoring of LVM2 mirrors, snapshots etc. using dmeventd or progress polling...
         Starting Monitoring of LVM2 mirrors... dmeventd or progress polling...
[    6.595752] systemd[1]: Starting Load Kernel Modules...
         Starting Load Kernel Modules...
[    6.610672] systemd[1]: Created slice system-serial\x2dgetty.slice.
[[0;32m  OK  [0m] Created slice system-serial\x2dgetty.slice.
[    6.619824] systemd[1]: Reached target Encrypted Volumes.
[    6.623362] Loading iSCSI transport class v2.0-870.
[[0;32m  OK  [0m] Reached target Encrypted Volumes.
[    6.633865] iscsi: registered transport (tcp)
[    6.638909] systemd[1]: Starting Remount Root and Kernel File Systems...
         Starting Remount Root and Kernel File Systems...
[    6.649800] EXT4-fs (sda1): re-mounted. Opts: (null)
[    6.653753] systemd[1]: Starting Uncomplicated firewall...
         Starting Uncomplicated firewall...
[    6.662162] systemd[1]: Started Forward Password Requests to Wall Directory Watch.
[[0;32m  OK  [0m] Started Forward Password Requests to Wall Directory Watch.
[    6.681359] iscsi: registered transport (iser)
[    6.684271] systemd[1]: Starting Set console keymap...
         Starting Set console keymap...
[    6.689305] systemd[1]: Reached target User and Group Name Lookups.
[[0;32m  OK  [0m] Reached target User and Group Name Lookups.
[    6.695812] systemd[1]: Listening on LVM2 poll daemon socket.
[[0;32m  OK  [0m] Listening on LVM2 poll daemon socket.
[    6.703253] systemd[1]: Listening on Journal Audit Socket.
[[0;32m  OK  [0m] Listening on Journal Audit Socket.
[    6.710522] systemd[1]: Reached target Slices.
[[0;32m  OK  [0m] Reached target Slices.
[    6.717081] systemd[1]: Listening on Journal Socket (/dev/log).
[[0;32m  OK  [0m] Listening on Journal Socket (/dev/log).
[    6.739665] systemd[1]: Starting Journal Service...
         Starting Journal Service...
[    6.744982] systemd[1]: Started Trigger resolvconf update for networkd DNS.
[[0;32m  OK  [0m] Started Trigger resolvconf update for networkd DNS.
[    6.755033] systemd[1]: Listening on udev Control Socket.
[[0;32m  OK  [0m] Listening on udev Control Socket.
[    6.761090] systemd[1]: Mounting Huge Pages File System...
         Mounting Huge Pages File System...
[    6.767460] systemd[1]: Mounted POSIX Message Queue File System.
[[0;32m  OK  [0m] Mounted POSIX Message Queue File System.
[    6.772826] systemd[1]: Mounted Debug File System.
[[0;32m  OK  [0m] Mounted Debug File System.
[    6.776831] systemd[1]: Mounted Huge Pages File System.
[[0;32m  OK  [0m] Mounted Huge Pages File System.
[    6.782437] systemd[1]: Started Journal Service.
[[0;32m  OK  [0m] Started Journal Service.
[[0;32m  OK  [0m] Started Create list of required sta...ce nodes for the current kernel.
[    6.804741] random: nonblocking pool is initialized
[[0;32m  OK  [0m] Started Load Kernel Modules.
[[0;32m  OK  [0m] Started Remount Root and Kernel File Systems.
[[0;32m  OK  [0m] Started Uncomplicated firewall.
[[0;32m  OK  [0m] Started Set console keymap.
[[0;32m  OK  [0m] Started Nameserver information manager.
[[0;32m  OK  [0m] Started LVM2 metadata daemon.
         Starting Load/Save Random Seed...
         Starting udev Coldplug all Devices...
         Mounting FUSE Control File System...
         Starting Apply Kernel Variables...
         Starting Create Static Device Nodes in /dev...
         Starting Flush Journal to Persistent Storage...
[[0;32m  OK  [0m] Mounted FUSE Control File System.
[[0;32m  OK  [0m] Started Load/Save Random Seed.
[[0;32m  OK  [0m] Started Apply Kernel Variables.
[[0;32m  OK  [0m] Started Create Static Device Nodes in /dev.
[[0;32m  OK  [0m] Started Flush Journal to Persistent Storage.
[[0;32m  OK  [0m] Started udev Coldplug all Devices.
         Starting udev Kernel Device Manager...
[[0;32m  OK  [0m] Started udev Kernel Device Manager.
[[0;32m  OK  [0m] Started Dispatch Password Requests to Console Directory Watch.
[[0;32m  OK  [0m] Found device /dev/ttyS0.
[[0;32m  OK  [0m] Listening on Load/Save RF Kill Switch Status /dev/rfkill Watch.
[[0;32m  OK  [0m] Started Monitoring of LVM2 mirrors,...ng dmeventd or progress polling.
[[0;32m  OK  [0m] Reached target Local File Systems (Pre).
[[0;32m  OK  [0m] Reached target Local File Systems.
         Starting Tell Plymouth To Write Out Runtime Data...
         Starting Commit a transient machine-id on disk...
         Starting LSB: AppArmor initialization...
         Starting Set console font and keymap...
         Starting Create Volatile Files and Directories...
         Starting Initial cloud-init job (pre-networking)...
[[0;32m  OK  [0m] Started Tell Plymouth To Write Out Runtime Data.
[[0;32m  OK  [0m] Started Commit a transient machine-id on disk.
[[0;32m  OK  [0m] Started Create Volatile Files and Directories.
         Starting Update UTMP about System Boot/Shutdown...
[[0;32m  OK  [0m] Started Update UTMP about System Boot/Shutdown.
[[0;32m  OK  [0m] Started Set console font and keymap.
[[0;32m  OK  [0m] Created slice system-getty.slice.
[[0;32m  OK  [0m] Started LSB: AppArmor initialization.
[    9.178853] cloud-init[654]: Cloud-init v. 18.5-45-g3554ffe8-0ubuntu1~16.04.1 running 'init-local' at Fri, 31 May 2019 15:46:54 +0000. Up 8.79 seconds.
[[0;32m  OK  [0m] Started Initial cloud-init job (pre-networking).
[[0;32m  OK  [0m] Reached target Network (Pre).
         Starting Raise network interfaces...
[[0;32m  OK  [0m] Started Raise network interfaces.
[[0;32m  OK  [0m] Reached target Network.
         Starting Initial cloud-init job (metadata service crawler)...
[   10.916034] cloud-init[952]: Cloud-init v. 18.5-45-g3554ffe8-0ubuntu1~16.04.1 running 'init' at Fri, 31 May 2019 15:46:55 +0000. Up 9.93 seconds.
[   10.928647] cloud-init[952]: ci-info: ++++++++++++++++++++++++++++++++++++++Net device info+++++++++++++++++++++++++++++++++++++++
[   10.939188] cloud-init[952]: ci-info: +--------+-------+----------------------------+---------------+--------+-------------------+
[   10.950159] cloud-init[952]: ci-info: | Device |   Up  |          Address           |      Mask     | Scope  |     Hw-Address    |
[   10.955895] cloud-init[952]: ci-info: +--------+-------+----------------------------+---------------+--------+-------------------+
[   10.960619] cloud-init[952]: ci-info: | enp0s3 |  True |         10.0.2.15          | 255.255.255.0 | global | 02:3a:f4:24:e2:72 |
[   10.965929] cloud-init[952]: ci-info: | enp0s3 |  True | fe80::3a:f4ff:fe24:e272/64 |       .       |  link  | 02:3a:f4:24:e2:72 |
[   10.971569] cloud-init[952]: ci-info: | enp0s8 | False |             .              |       .       |   .    | 08:00:27:1b:e9:ff |
[   10.976860] cloud-init[952]: ci-info: |   lo   |  True |         127.0.0.1          |   255.0.0.0   |  host  |         .         |
[   10.982273] cloud-init[952]: ci-info: |   lo   |  True |          ::1/128           |       .       |  host  |         .         |
[   10.982584] cloud-init[952]: ci-info: +--------+-------+----------------------------+---------------+--------+-------------------+
[[0;32m  OK  [0m] Started Initial cloud-init job (metadata service crawler).
[   10.987859] cloud-init[952]: ci-info: +++++++++++++++++++++++++++Route IPv4 info++++++++++++++++++++++++++++
[   10.998202] cloud-init[952]: ci-info: +-------+-------------+----------+---------------+-----------+-------+
[   10.998644] cloud-init[952]: ci-info: | Route | Destination | Gateway  |    Genmask    | Interface | Flags |
[   11.000262] cloud-init[952]: ci-info: +-------+-------------+----------+---------------+-----------+-------+
[[0;32m  OK  [0m] Reached target Cloud-config availability.
[[0;32m  OK  [0m[   11.001342] cloud-init[952]: ci-info: |   0   |   0.0.0.0   | 10.0.2.2 |    0.0.0.0    |   enp0s3  |   UG  |
[   11.017305] cloud-init[952]: ci-info: |   1   |   10.0.2.0  | 0.0.0.0  | 255.255.255.0 |   enp0s3  |   U   |
[   11.023132] cloud-init[952]: ci-info: +-------+-------------+----------+---------------+-----------+-------+
] Reached target System Initialization.
[   11.027547] cloud-init[952]: ci-info: +++++++++++++++++++Route IPv6 info+++++++++++++++++++
[[0;32m  OK  [0m] Started Daily Cleanup of Temporary Directories.
[   11.033473] cloud-init[952]: ci-info: +-------+-------------+---------+-----------+-------+
[   11.044170] cloud-init[952]: ci-info: | Route | Destination | Gateway | Interface | Flags |
[   11.044485] cloud-init[952]: ci-info: +-------+-------------+---------+-----------+-------+
[   11.049752] cloud-init[952]: ci-info: |   0   |  fe80::/64  |    ::   |   enp0s3  |   U   |
[[0;32m  OK  [0m] Listening on UUID daemon activation socket.
[[   11.050022] cloud-init[952]: ci-info: |   3   |   ff00::/8  |    ::   |   enp0s3  |   U   |
[   11.057496] cloud-init[952]: ci-info: +-------+-------------+---------+-----------+-------+
[0;32m  OK  [0m] Listening on ACPID Listen Socket.
[   11.059286] cloud-init[952]: Generating public/private rsa key pair.
[   11.069007] cloud-init[952]: Your identification has been saved in /etc/ssh/ssh_host_rsa_key.
[   11.069366] cloud-init[952]: Your public key has been saved in /etc/ssh/ssh_host_rsa_key.pub.
[   11.069429] cloud-init[952]: The key fingerprint is:
[[0;32m  OK  [0m] Started ACPI Events Check.
[[   11.077671] cloud-init[952]: SHA256:VgXhdgR/jDMJP8jLCbZtMEfLDMya1nl7UDWSEVU7RwA root@ubuntu-xenial
[   11.081945] cloud-init[952]: The key's randomart image is:
[0;32m  OK  [0m] Reached target Paths.
[[   11.083660] cloud-init[952]: +---[RSA 2048]----+
[   11.089463] cloud-init[952]: |       o. *+EB=oo|
[   11.092578] cloud-init[952]: |        oB Oo= o.|
[   11.093989] cloud-init[952]: |       +=.@.X oo.|
[0;32m  OK  [0m] Started Daily apt download activities.
[[   11.094818] cloud-init[952]: |      +.o@o+ =  o|
[   11.099212] cloud-init[952]: |     .  S.*o     |
[   11.102347] cloud-init[952]: |       . .. .    |
[   11.103961] cloud-init[952]: |           .     |
[   11.106634] cloud-init[952]: |                 |
[0;32m  OK  [0m] Started Daily apt upgrade and clean activities.
[   11.106997] cloud-init[952]: |                 |
[   11.111578] cloud-init[952]: +----[SHA256]-----+
[[0;32m  OK  [0m] Reached target Timers.
[   11.114302] cloud-init[952]: Generating public/private dsa key pair.
[   11.120878] cloud-init[952]: Your identification has been saved in /etc/ssh/ssh_host_dsa_key.
[   11.121273] cloud-init[952]: Your public key has been saved in /etc/ssh/ssh_host_dsa_key.pub.
[   11.126959] cloud-init[952]: The key fingerprint is:
         Starting LXD - unix socket.
[   11.130179] cloud-init[952]: SHA256:1C69ews8qRWn3jLrVXePuBrDWqPllBJ8VqY7I9bjksI root@ubuntu-xenial
[   11.133415] cloud-init[952]: The key's randomart image is:
[   11.136929] cloud-init[952]: +---[DSA 1024]----+
[   11.142169] cloud-init[952]: |                 |
[   11.145788] cloud-init[952]: |         .       |
[   11.147087] cloud-init[952]: |        . . o    |
[[0;32m  OK  [0m] Listening on D-Bus System Message Bus Socket.
         [   11.148590] Starting Socket activation for snappy daemon.cloud-init
[952]: |       o o +     |
[   11.158161] cloud-init[952]: |        S B . . o|
[   11.159251] cloud-init[952]: |         O O o oo|
[   11.161196] cloud-init[952]: |     .  +.^ o . .|
[   11.164557] cloud-init[952]: |      E.o#o&..   |
[   11.166417] cloud-init[952]: |       .+oO*+.   |
[   11.169464] cloud-init[952]: +----[SHA256]-----+
[[0;32m  OK  [0m] Reached target Network is Online.
[   11.171204] cloud-init[952]: Generating public/private ecdsa key pair.
[   11.177849] cloud-init[952]: Your identification has been saved in /etc/ssh/ssh_host_ecdsa_key.
[   11.182516] cloud-init[952]: Your public key has been saved in /etc/ssh/ssh_host_ecdsa_key.pub.
[   11.187016] cloud-init[952]: The key fingerprint is:
[   11.189366] cloud-init[952]: SHA256:dd0XSkqppDBM4Hw1CA82RhXXfpuSxz8bORc6SWMUwDE root@ubuntu-xenial
[   11.200658] cloud-init[952]: The key's randomart image is:
[   11.204495]          Starting iSCSI initiator daemon (iscsid)...
[[0;32m  OK  [0m] Listening on LXD - unix socket.
cloud-init[952]: +---[ECDSA 256]---+
[   11.212344] [[0;32m  OK  [0m] Listening on Socket activation for snappy daemon.
cloud-init[952]: [[0;32m  OK  [0m] Reached target Sockets.
|  .O*+o+. .E+o . |[
[0;32m  OK  [0m] Reached target Basic System.
[   11.227197] cloud-init[952]: |  = +=o .o.o+.o..|
         Starting LSB: MD monitoring daemon...
[   11.231626] [[0;32m  OK  [0m] Started Unattended Upgrades Shutdown.
cloud-init[952]: |   o oo + o..o. o|
[[0;32m  OK  [0m] Started FUSE filesystem for LXC.
[[0;32m  OK  [0m] Started ACPI event daemon.
         Starting Virtualbox guest utils...
         Starting Pollinate to seed the pseudo random number generator...
         Starting Login Service...
         Starting /etc/rc.local Compatibility...
         Starting LSB: Record successful boot for GRUB...
         Starting Snappy daemon...
         Starting System Logging Service...
[[0;32m  OK  [0m] Started Regular background program processing daemon.
[[0;32m  OK  [0m] Started D-Bus System Message Bus.
[   11.237182] cloud-init[952]: |    .  . + o.   .|
[   11.311454] cloud-init[952]: |        S + o+ . |
[   11.321861] cloud-init[952]: |         o =o = .|
[   11.330947] cloud-init[952]: |          o .B . |
[   11.334997] cloud-init[952]: |             o=  |
[   11.338229] cloud-init[952]: |             .o  |
[   11.341844] cloud-init[952]: +----[SHA256]-----+
[   11.352384]          Starting Accounts Service...
[[0;32m  OK  [0m] Started Deferred execution scheduler.
         Starting LXD - container startup/shutdown...
[[0;32m  OK  [0m] Started System Logging Service.
[[0;32m  OK  [0m] Started /etc/rc.local Compatibility.
cloud-init[952]: Generating public/private ed25519 key pair.
[[0;32m  OK  [0m] Started iSCSI initiator daemon (iscsid).
[   11.404905] cloud-init[952]: Your identification has been saved in /etc/ssh/ssh_host_ed25519_key.
[   11.421220] cloud-init[952]: Your public key has been saved in /etc/ssh/ssh_host_ed25519_key.pub.
[   11.428516] cloud-init[[0;32m  OK  [0m] Started LSB: MD monitoring daemon.
[952]: The key fingerprint is:
[   11.451435] cloud-init[952]: SHA256:ZkLSl6GDcI0ApXuCLBwReF5ax6K/CXC5Er+DBm1ZEN4 root@ubuntu-xenial
         Starting Login to default iSCSI targets...
[[0;32m  OK  [0m] Started LSB: Record successful boot for GRUB.
[[0;32m  OK  [0m] Started Login Service.
[   11.490794] cloud-init[952]: The key's randomart image is:
[   11.538774] cloud-init[[0;32m  OK  [0m] Started Login to default iSCSI targets.
[952]: [[0;32m  OK  [0m] Reached target Remote File Systems (Pre).
[[0;32m  OK  [0m] Reached target Remote File Systems.
+--[ED25519 256]--+
[   11.571586] cloud-init[952]: |o=*o.+  .        |
[   11.584366] cloud-init[952]: |.o++=o+. o       |
         Starting Permit User Sessions...
         Starting LSB: Set the CPU Frequency Scaling governor to "ondemand"...
         Starting LSB: automatic crash report generation...
[   11.587421] cloud-init[952]: |.+.BEo= o        |
         Starting LSB: daemon to balance interrupts for SMP systems...
[[0;32m  OK  [0m] Started Permit User Sessions.
[   11.604768] cloud-init[952]: |*.B .o o         |
[   11.644086] cloud-init[952]: |=O.=  . S        |
[   11.677407] cloud-init[952]: |+oB .  +         |
[   11.680594] cloud-init[952]: |.+ o o           |         Starting Authenticate and Authorize Users to Run Privileged Tasks...
         Starting Terminate Plymouth Boot Screen...
         Starting Hold until boot process finishes up...

[   11.697761] [[0;32m  OK  [0m] Started Virtualbox guest utils.
[[0;32m  OK  [0m] Started LSB: Set the CPU Frequency Scaling governor to "ondemand".
[[0;32m  OK  [0m] Started LXD - container startup/shutdown.cloud-init[952]: |..o o            |
[[0;32m  OK  [0m] Started LSB: daemon to balance interrupts for SMP systems.

[   11.730477] cloud-init[952]: |.  .             |[[0;32m  OK  [0m] Started Terminate Plymouth Boot Screen.
[[0;32m  OK  [0m] 
Started Hold until boot process finishes up.[   11.736676] cloud-init[952]: +----[SHA256]-----+

[[0;32m  OK  [0m] Started Authenticate and Authorize Users to Run Privileged Tasks.
[[0;32m  OK  [0m] Started Accounts Service.
[[0;32m  OK  [0m] Started Serial Getty on ttyS0.
         Starting Set console scheme...
[[0;32m  OK  [0m] Started Getty on tty1.
[[0;32m  OK  [0m] Reached target Login Prompts.
[[0;32m  OK  [0m] Started LSB: automatic crash report generation.
[[0;32m  OK  [0m] Started Set console scheme.
[[0;32m  OK  [0m] Started Pollinate to seed the pseudo random number generator.
[[0;32m  OK  [0m] Started Snappy daemon.
         Starting Wait until snapd is fully seeded...
         Starting OpenBSD Secure Shell server...
[[0;32m  OK  [0m] Started OpenBSD Secure Shell server.
[[0;32m  OK  [0m] Started Wait until snapd is fully seeded.
[[0;32m  OK  [0m] Reached target Multi-User System.
[[0;32m  OK  [0m] Reached target Graphical Interface.
         Starting Update UTMP about System Runlevel Changes...
         Starting Apply the settings specified in cloud-config...
[[0;32m  OK  [0m] Started Update UTMP about System Runlevel Changes.
[   14.386664] cloud-init[1302]: Generating locales (this might take a while)...
[   15.382436] cloud-init[1302]:   en_US.UTF-8... done
[   15.389888] cloud-init[1302]: Generation complete.
[   15.746735] cloud-init[1302]: Cloud-init v. 18.5-45-g3554ffe8-0ubuntu1~16.04.1 running 'modules:config' at Fri, 31 May 2019 15:46:59 +0000. Up 14.27 seconds.
[[0;32m  OK  [0m] Started Apply the settings specified in cloud-config.
         Starting Execute cloud user/final scripts...
ci-info: no authorized ssh keys fingerprints found for user ubuntu.
<14>May 31 15:47:01 ec2: 
<14>May 31 15:47:01 ec2: #############################################################
<14>May 31 15:47:01 ec2: -----BEGIN SSH HOST KEY FINGERPRINTS-----
<14>May 31 15:47:01 ec2: 1024 SHA256:1C69ews8qRWn3jLrVXePuBrDWqPllBJ8VqY7I9bjksI root@ubuntu-xenial (DSA)
<14>May 31 15:47:01 ec2: 256 SHA256:dd0XSkqppDBM4Hw1CA82RhXXfpuSxz8bORc6SWMUwDE root@ubuntu-xenial (ECDSA)
<14>May 31 15:47:01 ec2: 256 SHA256:ZkLSl6GDcI0ApXuCLBwReF5ax6K/CXC5Er+DBm1ZEN4 root@ubuntu-xenial (ED25519)
<14>May 31 15:47:01 ec2: 2048 SHA256:VgXhdgR/jDMJP8jLCbZtMEfLDMya1nl7UDWSEVU7RwA root@ubuntu-xenial (RSA)
<14>May 31 15:47:01 ec2: -----END SSH HOST KEY FINGERPRINTS-----
<14>May 31 15:47:01 ec2: #############################################################
-----BEGIN SSH HOST KEY KEYS-----
ecdsa-sha2-nistp256 AAAAE2VjZHNhLXNoYTItbmlzdHAyNTYAAAAIbmlzdHAyNTYAAABBBHVS2Zbi72AwaO86cNIbUt2ATv4dstxeRkm9gIZ9arJo7NnsTYRRXGwxgzgmxRLuX2Mdh6RYoT4hFsVb5+kia+w= root@ubuntu-xenial
ssh-ed25519 AAAAC3NzaC1lZDI1NTE5AAAAID9bgNCT2em8f8+n/IXowR8ijyPpHoExibqBaXD075v2 root@ubuntu-xenial
ssh-rsa AAAAB3NzaC1yc2EAAAADAQABAAABAQDUXZHYbPWGoAjNOEAhil/PP0d8fwtJO/bZQd1SkzHQwPwLG4TXtsHHCjzlH6FFLqlJtMdRNmFcRr5/WqTFi64qo0v119Xt/CTw1BwYkj3U5QJTx6tDVjBlTArs96A86dibilJ5qoR2o3oDmRYr1FMx6xyYpW3Pah8Ir0TEEsPKt1+1uWuf+YMvkLOkts6nOdHYiZ9FfPBH2VQ4mpxilJ7jGyUYv+S+Vm6skKs+ORvnOP8naEMBfhWPwAxQI6tHohSUikZn5RwHOzltRvx1N0i6UjaXyjHVOsWhQzVL7GZOH6X+V/528GHvoD5xrbOpVtdeKpbLCyLrXmj8jjb1OI3P root@ubuntu-xenial
-----END SSH HOST KEY KEYS-----
[   16.325981] cloud-init[1342]: Cloud-init v. 18.5-45-g3554ffe8-0ubuntu1~16.04.1 running 'modules:final' at Fri, 31 May 2019 15:47:01 +0000. Up 16.14 seconds.
[   16.332335] cloud-init[1342]: ci-info: no authorized ssh keys fingerprints found for user ubuntu.
[   16.336807] cloud-init[1342]: Cloud-init v. 18.5-45-g3554ffe8-0ubuntu1~16.04.1 finished at Fri, 31 May 2019 15:47:01 +0000. Datasource DataSourceNoCloud [seed=/dev/sdb][dsmode=net].  Up 16.31 seconds
[[0;32m  OK  [0m] Started Execute cloud user/final scripts.
[[0;32m  OK  [0m] Reached target Cloud-init target.

Ubuntu 16.04.6 LTS ubuntu-xenial ttyS0

ubuntu-xenial login: 